1 5.0
2 5.0
3 5.0
4 5.0
5 8.5
6 8.5
7 8.5
8 8.5
9 8.5
10 8.5
11 8.5
12 8.5
13 8.5
14 8.5
15 8.5
16 8.5
17 8.5
18 8.5
19 8.5
20 8.5
21 8.5
22 8.5
23 8.5
24 8.5
25 8.5
26 8.5
27 8.5
28 8.5
29 10
30 10
31 10
32 10
33 10
34 10
35 10
36 10
37 10
38 10
39 10
40 10
41 10
42 10
43 10
44 10
45 10
46 10
47 10
48 10
49 10
50 10
51 10
52 10
53 10
54 10
55 10
56 10
57 10
58 10
59 10
60 10
61 10
62 10
63 10
64 10
65 10
66 10
67 10
68 10
69 10
70 10
71 10
72 10
73 10
74 10
75 10
76 10
77 10
78 10
79 10
80 10
81 10
82 10
83 10
84 10
85 10
86 10
87 10
88 10
89 10
90 10
91 10
92 10
93 10
94 10
95 10
96 10
97 10
98 10
99 10
100 10
