13   20.   12   1   M-04   
14   20.   12   1   M-02   
15   20.   12   1   M-07   
16   20.   12   1   M-08   
19   20.   12   1   M-11   
20   20.   12   1   M-12   
23   20.   12   1   M-06   
24   20.   12   1   M-09   
26   20.   12   1   M-10   
27   20.   12   1   M-13   
31   20.   12   1   M-15   
32   20.   12   1   M-17   
33   20.   12   1   M-20   
34   20.   12   1   M-22   
47   20.   12   1   M-14   
48   20.   12   1   M-18   
12   20.   12   1   M-01   
50   20.   12   1   M-19   
51   20.   12   1   M-23   
29   20.   12   1   M-05   
