13   20.   12   1   M-04   
16   20.   12   1   M-08   
20   20.   12   1   M-12   
31   20.   12   1   M-15   
32   20.   12   1   M-17   
49   20.   12   1   M-24   
33   20.   12   1   M-20   
34   20.   12   1   M-22   
52   20.   12   1   M-25   
29   20.   12   1   M-05   
30   20.   12   1   M-03   
47   20.   12   1   M-14   
48   20.   12   1   M-18   
50   20.   12   1   M-19   
51   20.   12   1   M-23   
300   20.   12   1   S-21   
301   20.   12   1   S-22   
302   20.   12   1   S-23   
303   20.   12   1   S-24   
394   20.   12   1   S-63   
395   20.   12   1   S-64   
398   20.   12   1   S-65   
399   20.   12   1   S-66   
378   20.   12   1   S-57   
379   20.   12   1   S-58   
324   20.   12   1   S-25   
325   20.   12   1   S-26   
327   20.   12   1   S-27   
328   20.   12   1   S-28   
392   20.   12   1   S-59   
393   20.   12   1   S-60   
396   20.   12   1   S-61   
397   20.   12   1   S-62   
316   20.   12   1   S-19   
317   20.   12   1   S-20   
