4   20.   12   1   L-03   
5   20.   12   1   L-01   
6   20.   12   1   L-02   
13   20.   12   1   M-04   
14   20.   12   1   M-02   
15   20.   12   1   M-07   
16   20.   12   1   M-08   
23   20.   12   1   M-06   
24   20.   12   1   M-09   
25   20.   12   1   M-16   
31   20.   12   1   M-15   
32   20.   12   1   M-17   
29   20.   12   1   M-05   
259   20.   12   1   S-03   
260   20.   12   1   S-04   
268   20.   12   1   S-05   
269   20.   12   1   S-06   
274   20.   12   1   S-07   
275   20.   12   1   S-08   
302   20.   12   1   S-23   
303   20.   12   1   S-24   
282   20.   12   1   S-17   
283   20.   12   1   S-18   
292   20.   12   1   S-13   
293   20.   12   1   S-14   
284   20.   12   1   S-09   
285   20.   12   1   S-10   
280   20.   12   1   S-15   
281   20.   12   1   S-16   
290   20.   12   1   S-11   
291   20.   12   1   S-12   
300   20.   12   1   S-21   
301   20.   12   1   S-22   
