#####################################################################
# CTA North Threshold Layout (option TS)
# Prod3b North
# 4 LSTs and 5 MSTs
#
# NectarCam MSTs
#
# Column 1: prod3b telescope number
# Column 2: FOV (deg)
# Column 3: dynamical range (bit)
# Column 4: for no-FADC analysis: use raw or calibrated (default) sum
# Column 5: CTAO telescope number
#
#####################################################################
5     20    12    1  L-01
6     20    12    1  L-02
7     20    12    1  L-03
8     20    12    1  L-04
58    20    12    1  M-01
59    20    12    1  M-02
60    20    12    1  M-03
61    20    12    1  M-04
72    20    12    1  M-15
