#####################################################################
# CTA North Baseline Layout
# Prod3b North
# 4 LSTs and 15 MSTs
#
# NectarCam MSTs
#
# Column 1: prod3b telescope number
# Column 2: FOV (deg)
# Column 3: dynamical range (bit)
# Column 4: for no-FADC analysis: use raw or calibrated (default) sum
# Column 5: CTAO telescope number
#
#####################################################################
5    20    12    1  L-01
6    20    12    1  L-02
7    20    12    1  L-03
8    20    12    1  L-04
24    20    12    1  M-01
25    20    12    1  M-02
26    20    12    1  M-03
28    20    12    1  M-05
27    20    12    1  M-04
29    20    12    1  M-06
30    20    12    1  M-07
31    20    12    1  M-08
33    20    12    1  M-10
34    20    12    1  M-11
40    20    12    1  M-12
41    20    12    1  M-13
42    20    12    1  M-14
38    20    12    1  M-15
112    20   12    1  M-09
