12   20.   12   1   M-01   
13   20.   12   1   M-04   
14   20.   12   1   M-02   
15   20.   12   1   M-07   
16   20.   12   1   M-08   
19   20.   12   1   M-11   
20   20.   12   1   M-12   
23   20.   12   1   M-06   
24   20.   12   1   M-09   
25   20.   12   1   M-16   
26   20.   12   1   M-10   
27   20.   12   1   M-13   
28   20.   12   1   M-21   
29   20.   12   1   M-05   
30   20.   12   1   M-03   
31   20.   12   1   M-15   
32   20.   12   1   M-17   
33   20.   12   1   M-20   
34   20.   12   1   M-22   
49   20.   12   1   M-24   
