7    20.     12    1
8    20.     12    1
9    20.     12    1
10    20.     12    1
56    20.     12    1
57    20.     12    1
58    20.     12    1
59    20.     12    1
62    20.     12    1
63    20.     12    1
64    20.     12    1
65    20.     12    1
66    20.     12    1
67    20.     12    1
68    20.     12    1
69    20.     12    1
70    20.     12    1
71    20.     12    1
72    20.     12    1
73    20.     12    1
74    20.     12    1
75    20.     12    1
88    20.     12    1
89    20.     12    1
90    20.     12    1
91    20.     12    1
92    20.     12    1
93    20.     12    1
94    20.     12    1
95    20.     12    1
96    20.     12    1
97    20.     12    1
103    20.     12    1
104    20.     12    1
105    20.     12    1
110    20.     12    1
111    20.     12    1
112    20.     12    1
113    20.     12    1
114    20.     12    1
115    20.     12    1
116    20.     12    1
117    20.     12    1
118    20.     12    1
119    20.     12    1
120    20.     12    1
121    20.     12    1
126    20.     12    1
127    20.     12    1
128    20.     12    1
129    20.     12    1
130    20.     12    1
131    20.     12    1
136    20.     12    1
137    20.     12    1
138    20.     12    1
139    20.     12    1
140    20.     12    1
141    20.     12    1
146    20.     12    1
147    20.     12    1
148    20.     12    1
149    20.     12    1
150    20.     12    1
151    20.     12    1
152    20.     12    1
153    20.     12    1
154    20.     12    1
155    20.     12    1
156    20.     12    1
157    20.     12    1
158    20.     12    1
159    20.     12    1
160    20.     12    1
161    20.     12    1
162    20.     12    1
163    20.     12    1
172    20.     12    1
173    20.     12    1
174    20.     12    1
175    20.     12    1
176    20.     12    1
177    20.     12    1
178    20.     12    1
179    20.     12    1
180    20.     12    1
181    20.     12    1
182    20.     12    1
183    20.     12    1
196    20.     12    1
197    20.     12    1
198    20.     12    1
199    20.     12    1
200    20.     12    1
201    20.     12    1
202    20.     12    1
203    20.     12    1
204    20.     12    1
205    20.     12    1
206    20.     12    1
207    20.     12    1
