33   20.   12   1   M-20   
16   20.   12   1   M-08   
20   20.   12   1   M-12   
31   20.   12   1   M-15   
32   20.   12   1   M-17   
49   20.   12   1   M-24   
29   20.   12   1   M-05   
30   20.   12   1   M-03   
47   20.   12   1   M-14   
48   20.   12   1   M-18   
383   20.   12   1   S-54   
382   20.   12   1   S-53   
370   20.   12   1   S-47   
371   20.   12   1   S-48   
324   20.   12   1   S-25   
325   20.   12   1   S-26   
327   20.   12   1   S-27   
328   20.   12   1   S-28   
392   20.   12   1   S-59   
393   20.   12   1   S-60   
396   20.   12   1   S-61   
397   20.   12   1   S-62   
316   20.   12   1   S-19   
317   20.   12   1   S-20   
283   20.   12   1   S-18   
323   20.   12   1   S-30   
368   20.   12   1   S-45   
369   20.   12   1   S-46   
322   20.   12   1   S-29   
387   20.   12   1   S-56   
