5   20.   12   1   L-01   
4   20.   12   1   L-03   
12   20.   12   1   M-01   
13   20.   12   1   M-04   
14   20.   12   1   M-02   
15   20.   12   1   M-07   
16   20.   12   1   M-08   
19   20.   12   1   M-11   
20   20.   12   1   M-12   
23   20.   12   1   M-06   
24   20.   12   1   M-09   
25   20.   12   1   M-16   
26   20.   12   1   M-10   
27   20.   12   1   M-13   
28   20.   12   1   M-21   
33   20.   12   1   M-20   
34   20.   12   1   M-22   
257   20.   12   1   S-01   
258   20.   12   1   S-02   
259   20.   12   1   S-03   
260   20.   12   1   S-04   
268   20.   12   1   S-05   
269   20.   12   1   S-06   
274   20.   12   1   S-07   
275   20.   12   1   S-08   
280   20.   12   1   S-15   
281   20.   12   1   S-16   
282   20.   12   1   S-17   
283   20.   12   1   S-18   
284   20.   12   1   S-09   
285   20.   12   1   S-10   
290   20.   12   1   S-11   
291   20.   12   1   S-12   
292   20.   12   1   S-13   
293   20.   12   1   S-14   
300   20.   12   1   S-21   
301   20.   12   1   S-22   
302   20.   12   1   S-23   
303   20.   12   1   S-24   
316   20.   12   1   S-19   
317   20.   12   1   S-20   
322   20.   12   1   S-29   
323   20.   12   1   S-30   
324   20.   12   1   S-25   
325   20.   12   1   S-26   
327   20.   12   1   S-27   
328   20.   12   1   S-28   
342   20.   12   1   S-31   
343   20.   12   1   S-32   
344   20.   12   1   S-37   
345   20.   12   1   S-38   
346   20.   12   1   S-41   
347   20.   12   1   S-42   
348   20.   12   1   S-33   
349   20.   12   1   S-34   
350   20.   12   1   S-39   
351   20.   12   1   S-40   
352   20.   12   1   S-43   
353   20.   12   1   S-44   
366   20.   12   1   S-35   
367   20.   12   1   S-36   
368   20.   12   1   S-45   
369   20.   12   1   S-46   
370   20.   12   1   S-47   
371   20.   12   1   S-48   
378   20.   12   1   S-57   
379   20.   12   1   S-58   
