4    4.3     12    1
5    4.3     12    1
6    4.3     12    1
11    4.3     12    1
53    7.0     12    1
54    7.0     12    1
55    7.0     12    1
56    7.0     12    1
57    7.0     12    1
60    7.0     12    1
61    7.0     12    1
64    7.0     12    1
65    7.0     12    1
66    7.0     12    1
67    7.0     12    1
68    7.0     12    1
69    7.0     12    1
70    7.0     12    1
71    7.0     12    1
72    7.0     12    1
73    7.0     12    1
74    7.0     12    1
75    7.0     12    1
88    7.0     12    1
89    7.0     12    1
90    7.0     12    1
91    7.0     12    1
92    7.0     12    1
93    7.0     12    1
257    8.0
258    8.0
259    8.0
260    8.0
268    8.0
269    8.0
274    8.0
275    8.0
280    8.0
281    8.0
282    8.0
283    8.0
284    8.0
285    8.0
290    8.0
291    8.0
292    8.0
293    8.0
300    8.0
301    8.0
302    8.0
303    8.0
316    8.0
317    8.0
322    8.0
323    8.0
324    8.0
325    8.0
327    8.0
328    8.0
342    8.0
343    8.0
344    8.0
345    8.0
346    8.0
347    8.0
348    8.0
349    8.0
350    8.0
351    8.0
352    8.0
353    8.0
366    8.0
367    8.0
368    8.0
369    8.0
370    8.0
371    8.0
378    8.0
379    8.0
380    8.0
381    8.0
382    8.0
383    8.0
384    8.0
385    8.0
386    8.0
387    8.0
392    8.0
393    8.0
394    8.0
395    8.0
396    8.0
397    8.0
398    8.0
399    8.0
400    8.0
401    8.0
402    8.0
403    8.0
