53    20.     12    1
54    20.     12    1
55    20.     12    1
56    20.     12    1
57    20.     12    1
60    20.     12    1
61    20.     12    1
64    20.     12    1
65    20.     12    1
66    20.     12    1
67    20.     12    1
68    20.     12    1
69    20.     12    1
71    20.     12    1
72    20.     12    1
268    20.
269    20.
274    20.
275    20.
280    20.
281    20.
282    20.
283    20.
284    20.
285    20.
290    20.
291    20.
292    20.
293    20.
300    20.
301    20.
302    20.
303    20.
316    20.
317    20.
322    20.
323    20.
324    20.
325    20.
327    20.
328    20.
342    20.
343    20.
348    20.
349    20.
366    20.
367    20.
368    20.
369    20.
370    20.
371    20.
378    20.
379    20.
382    20.
383    20.
386    20.
387    20.
392    20.
393    20.
396    20.
397    20.
400    20.
401    20.
402    20.
403    20.
