7    20.     12    1
8    20.     12    1
9    20.     12    1
10    20.     12    1
56    20.     12    1
57    20.     12    1
58    20.     12    1
59    20.     12    1
62    20.     12    1
63    20.     12    1
64    20.     12    1
65    20.     12    1
66    20.     12    1
67    20.     12    1
68    20.     12    1
69    20.     12    1
70    20.     12    1
71    20.     12    1
72    20.     12    1
73    20.     12    1
74    20.     12    1
75    20.     12    1
88    20.     12    1
89    20.     12    1
90    20.     12    1
91    20.     12    1
92    20.     12    1
93    20.     12    1
410    20.
411    20.
412    20.
413    20.
419    20.
420    20.
421    20.
426    20.
427    20.
428    20.
429    20.
430    20.
431    20.
432    20.
433    20.
434    20.
435    20.
436    20.
437    20.
442    20.
443    20.
444    20.
445    20.
446    20.
447    20.
452    20.
453    20.
454    20.
455    20.
456    20.
457    20.
462    20.
463    20.
464    20.
465    20.
466    20.
467    20.
468    20.
469    20.
470    20.
471    20.
472    20.
473    20.
474    20.
475    20.
476    20.
477    20.
478    20.
479    20.
488    20.
489    20.
490    20.
491    20.
492    20.
493    20.
494    20.
495    20.
496    20.
497    20.
498    20.
499    20.
512    20.
513    20.
514    20.
515    20.
516    20.
517    20.
518    20.
519    20.
520    20.
521    20.
522    20.
523    20.
