4    4.3     12    1
5    4.3     12    1
6    4.3     12    1
11    4.3     12    1
12    7.0
13    7.0
14    7.0
15    7.0
16    7.0
19    7.0
20    7.0
23    7.0
24    7.0
25    7.0
26    7.0
27    7.0
28    7.0
29    7.0
30    7.0
31    7.0
32    7.0
33    7.0
34    7.0
47    7.0
48    7.0
49    7.0
50    7.0
51    7.0
52    7.0
415    8.0
416    8.0
417    8.0
418    8.0
426    8.0
427    8.0
432    8.0
433    8.0
438    8.0
439    8.0
440    8.0
441    8.0
442    8.0
443    8.0
448    8.0
449    8.0
450    8.0
451    8.0
458    8.0
459    8.0
460    8.0
461    8.0
474    8.0
475    8.0
480    8.0
481    8.0
482    8.0
483    8.0
485    8.0
486    8.0
500    8.0
501    8.0
502    8.0
503    8.0
504    8.0
505    8.0
506    8.0
507    8.0
508    8.0
509    8.0
510    8.0
511    8.0
524    8.0
525    8.0
526    8.0
527    8.0
528    8.0
529    8.0
536    8.0
537    8.0
538    8.0
539    8.0
540    8.0
541    8.0
542    8.0
543    8.0
544    8.0
545    8.0
550    8.0
551    8.0
552    8.0
553    8.0
554    8.0
555    8.0
556    8.0
557    8.0
558    8.0
559    8.0
560    8.0
561    8.0
