1    20.     12    1
2    20.     12    1
3    20.     12    1
4    20.     12    1
5    20.     12    1
6    20.     12    1
7    20.     12    1
8    20.     12    1
9    20.     12    1
10    20.     12    1
11    20.     12    1
12    20.     12    1
13    20.     12    1
14    20.     12    1
15    20.     12    1
16    20.     12    1
17    20.     12    1
18    20.     12    1
19    20.     12    1
20    20.     12    1
21    20.     12    1
22    20.     12    1
23    20.     12    1
24    20.     12    1
25    20.     12    1
26    20.     12    1
27    20.     12    1
28    20.     12    1
29    20.     12    1
30    20.     12    1
31    20.     12    1
32    20.     12    1
33    20.     12    1
34    20.     12    1
35    20.     12    1
36    20.     12    1
37    20.     12    1
38    20.     12    1
39    20.     12    1
40    20.     12    1
41    20.     12    1
42    20.     12    1
43    20.     12    1
44    20.     12    1
45    20.     12    1
46    20.     12    1
47    20.     12    1
48    20.     12    1
49    20.     12    1
50    20.     12    1
51    20.     12    1
52    20.     12    1
53    20.     12    1
54    20.     12    1
55    20.     12    1
56    20.     12    1
57    20.     12    1
58    20.     12    1
59    20.     12    1
60    20.     12    1
61    20.     12    1
62    20.     12    1
63    20.     12    1
64    20.     12    1
65    20.     12    1
66    20.     12    1
67    20.     12    1
68    20.     12    1
69    20.     12    1
70    20.     12    1
