1     20.
2     20.
3     20.
4     20.
5     20.
6     20.
7     20.
8     20.
9     20.
10     20.
11     20.
12     20.
13     20.
14     20.
15     20.
16     20.
17     20.
18     20.
19     20.
21     20.
22     20.
30     20.
31     20.
32     20.
33     20.
35     20.
37     20.
44     20.
45     20.
46     20.
47     20.
48     20.
49     20.
50     20.
51     20.
52     20.
53     20.
54     20.
55     20.
56     20.
59     20.
60     20.
61     20.
68     20.
69     20.
72     20.
73     20.
78     20.
79     20.
82     20.
83     20.
84     20.
85     20.
86     20.
87     20.
