1    20    12    1
2    20    12    1
3    20    12    1
71    20    12    1
72    20    12    1
73    20    12    1
74    20    12    1
75    20    12    1
76    20    12    1
79    20    12    1
80    20    12    1
81    20    12    1
82    20    12    1
83    20    12    1
84    20    12    1
85    20    12    1
86    20    12    1
87    20    12    1
88    20    12    1
89    20    12    1
90    20    12    1
104    20    12    1
105    20    12    1
106    20    12    1
107    20    12    1
108    20    12    1
109    20    12    1
279    20
280    20
281    20
282    20
283    20
284    20
286    20
287    20
289    20
297    20
298    20
299    20
300    20
301    20
302    20
303    20
304    20
305    20
306    20
307    20
308    20
315    20
316    20
317    20
318    20
319    20
320    20
321    20
322    20
323    20
324    20
325    20
326    20
327    20
328    20
329    20
330    20
331    20
332    20
333    20
334    20
335    20
336    20
337    20
338    20
345    20
346    20
347    20
348    20
349    20
350    20
375    20
376    20
377    20
378    20
379    20
380    20
393    20
400    20
402    20
403    20
404    20
405    20
406    20
408    20
410    20
411    20
412    20
413    20
414    20
415    20
416    20
417    20
