1    20    12    1
2    20    12    1
3    20    12    1
8    20
9    20
10    20
11    20
12    20
13    20
16    20
17    20
18    20
19    20
20    20
21    20
41    20
42    20
43    20
44    20
45    20
46    20
134    20    12    1
135    20    12    1
136    20    12    1
137    20    12    1
138    20    12    1
139    20    12    1
141    20    12    1
142    20    12    1
144    20    12    1
152    20    12    1
154    20    12    1
155    20    12    1
156    20    12    1
158    20    12    1
160    20    12    1
161    20    12    1
162    20    12    1
163    20    12    1
164    20    12    1
165    20    12    1
166    20    12    1
167    20    12    1
168    20    12    1
169    20    12    1
170    20    12    1
171    20    12    1
172    20    12    1
173    20    12    1
174    20    12    1
175    20    12    1
176    20    12    1
177    20    12    1
178    20    12    1
179    20    12    1
180    20    12    1
181    20    12    1
182    20    12    1
183    20    12    1
184    20    12    1
186    20    12    1
188    20    12    1
191    20    12    1
193    20    12    1
248    20    12    1
255    20    12    1
257    20    12    1
258    20    12    1
259    20    12    1
260    20    12    1
261    20    12    1
263    20    12    1
265    20    12    1
266    20    12    1
267    20    12    1
268    20    12    1
269    20    12    1
270    20    12    1
271    20    12    1
272    20    12    1
273    20    12    1
274    20    12    1
275    20    12    1
276    20    12    1
277    20    12    1
278    20    12    1
