1    20    12    1
2    20    12    1
3    20    12    1
4    20    12    1
10    20    12    1
29    20    12    1
33    20    12    1
13    20    12    1
38    20    12    1
42    20    12    1
46    20    12    1
50    20    12    1
54    20    12    1
62    20    12    1
66    20    12    1
71    20    12    1
74    20    12    1
82    20    12    1
94    20    12    1
78    20    12    1
86    20    12    1
90    20    12    1
96    20    12    1
103    20
104    20
105    20
106    20
107    20
108    20
109    20
111    20
112    20
114    20
115    20
