1    20    12    1
2    20    12    1
3    20    12    1
8    20
9    20
10    20
11    20
12    20
13    20
16    20
17    20
18    20
19    20
20    20
21    20
22    20
23    20
24    20
25    20
26    20
27    20
41    20
42    20
43    20
44    20
45    20
46    20
424    20
425    20
426    20
427    20
428    20
429    20
431    20
432    20
434    20
442    20
443    20
444    20
445    20
446    20
447    20
448    20
449    20
450    20
451    20
452    20
453    20
460    20
461    20
462    20
463    20
464    20
465    20
466    20
467    20
468    20
469    20
470    20
471    20
472    20
473    20
474    20
475    20
476    20
477    20
478    20
479    20
480    20
481    20
482    20
483    20
490    20
491    20
492    20
493    20
494    20
495    20
520    20
521    20
522    20
523    20
524    20
525    20
538    20
545    20
547    20
548    20
549    20
550    20
551    20
553    20
555    20
556    20
557    20
558    20
559    20
560    20
561    20
562    20
