1    20    12    1
2    20    12    1
10    20    12    1
31    20    12    1
35    20    12    1
13    20    12    1
40    20    12    1
44    20    12    1
48    20    12    1
52    20    12    1
56    20    12    1
64    20    12    1
68    20    12    1
72    20    12    1
76    20    12    1
84    20    12    1
58    20    12    1
80    20    12    1
88    20    12    1
92    20    12    1
96    20    12    1
103    20
104    20
105    20
106    20
107    20
108    20
109    20
111    20
112    20
114    20
115    20
