1    20    12    1
2    20    12    1
3    20    12    1
81    20    12    1
82    20    12    1
83    20    12    1
84    20    12    1
85    20    12    1
86    20    12    1
87    20    12    1
88    20    12    1
93    20    12    1
94    20    12    1
95    20    12    1
96    20    12    1
97    20    12    1
98    20    12    1
99    20    12    1
100    20    12    1
0    20
271    20
272    20
273    20
274    20
275    20
276    20
277    20
278    20
279    20
280    20
281    20
282    20
283    20
284    20
285    20
286    20
287    20
288    20
289    20
290    20
291    20
292    20
293    20
294    20
295    20
296    20
297    20
298    20
299    20
300    20
301    20
302    20
303    20
304    20
305    20
306    20
307    20
308    20
309    20
310    20
311    20
372    20
377    20
378    20
379    20
380    20
381    20
382    20
383    20
384    20
