1    20    12    1
2    20    12    1
71    20    12    1
72    20    12    1
73    20    12    1
74    20    12    1
75    20    12    1
76    20    12    1
79    20    12    1
83    20    12    1
84    20    12    1
104    20    12    1
105    20    12    1
106    20    12    1
107    20    12    1
108    20    12    1
109    20    12    1
134    20    12    1
135    20    12    1
136    20    12    1
137    20    12    1
138    20    12    1
139    20    12    1
141    20    12    1
142    20    12    1
144    20    12    1
152    20    12    1
153    20    12    1
154    20    12    1
155    20    12    1
156    20    12    1
157    20    12    1
158    20    12    1
159    20    12    1
160    20    12    1
161    20    12    1
162    20    12    1
163    20    12    1
174    20    12    1
175    20    12    1
178    20    12    1
179    20    12    1
248    20    12    1
255    20    12    1
257    20    12    1
258    20    12    1
259    20    12    1
260    20    12    1
261    20    12    1
263    20    12    1
265    20    12    1
266    20    12    1
267    20    12    1
268    20    12    1
269    20    12    1
270    20    12    1
271    20    12    1
272    20    12    1
