5 20   12    1 
6 20   12    1 
7 20   12    1 
8 20   12    1 
9 20   12    1 
10 20   12    1 
11 20   12    1 
12 20   12    1 
13 20   12    1 
14 20   12    1 
15 20   12    1 
16 20   12    1 
17 20   12    1 
24 20   12    1 
25 20   12    1 
26 20   12    1 
27 20   12    1 
28 20   12    1 
29 20   12    1 
30 20
31 20
32 20
33 20
34 20
35 20
38 20
39 20
40 20
41 20
42 20
43 20
44 20
45 20
46 20
47 20
50 20
51 20
52 20
53 20
55 20
56 20
57 20
58 20
59 20
60 10
88 10
86 10
87 10
89 10
90 10
91 10
92 10
93 10
94 10
95 10
96 10
97 10
98 10
99 10
