5    20    12    1
6    20    12    1
71    20    12    1
72    20    12    1
73    20    12    1
74    20    12    1
75    20    12    1
76    20    12    1
79    20    12    1
83    20    12    1
84    20    12    1
104    20    12    1
105    20    12    1
106    20    12    1
107    20    12    1
108    20    12    1
109    20    12    1
442    20
443    20
444    20
445    20
446    20
447    20
448    20
449    20
453    20
454    20
455    20
456    20
457    20
458    20
459    20
460    20
461    20
462    20
463    20
464    20
465    20
466    20
467    20
468    20
469    20
470    20
471    20
545    20
546    20
547    20
548    20
549    20
550    20
551    20
552    20
553    20
554    20
555    20
556    20
557    20
558    20
559    20
560    20
561    20
562    20
563    20
564    20
565    20
566    20
567    20
568    20
