1    20    12    1
2    20    12    1
3    20    12    1
81    20    12    1
82    20    12    1
83    20    12    1
84    20    12    1
85    20    12    1
86    20    12    1
87    20    12    1
88    20    12    1
93    20    12    1
94    20    12    1
95    20    12    1
96    20    12    1
97    20    12    1
98    20    12    1
99    20    12    1
100    20    12    1
0    20    12    1
154    20    12    1
155    20    12    1
156    20    12    1
157    20    12    1
158    20    12    1
159    20    12    1
160    20    12    1
161    20    12    1
162    20    12    1
163    20    12    1
164    20    12    1
165    20    12    1
166    20    12    1
167    20    12    1
168    20    12    1
169    20    12    1
170    20    12    1
171    20    12    1
172    20    12    1
173    20    12    1
174    20    12    1
175    20    12    1
176    20    12    1
177    20    12    1
178    20    12    1
179    20    12    1
180    20    12    1
181    20    12    1
182    20    12    1
183    20    12    1
184    20    12    1
185    20    12    1
186    20    12    1
187    20    12    1
188    20    12    1
189    20    12    1
190    20    12    1
191    20    12    1
192    20    12    1
193    20    12    1
194    20    12    1
255    20    12    1
260    20    12    1
261    20    12    1
262    20    12    1
263    20    12    1
264    20    12    1
265    20    12    1
266    20    12    1
267    20    12    1
