4    20    12    1
5    20    12    1
6    20    12    1
7    20    12    1
71    20    12    1
72    20    12    1
73    20    12    1
74    20    12    1
75    20    12    1
76    20    12    1
79    20    12    1
80    20    12    1
81    20    12    1
82    20    12    1
83    20    12    1
84    20    12    1
85    20    12    1
86    20    12    1
87    20    12    1
88    20    12    1
89    20    12    1
90    20    12    1
104    20    12    1
105    20    12    1
106    20    12    1
107    20    12    1
108    20    12    1
109    20    12    1
134    20    12    1
135    20    12    1
136    20    12    1
137    20    12    1
138    20    12    1
139    20    12    1
141    20    12    1
142    20    12    1
144    20    12    1
146    20    12    1
148    20    12    1
151    20    12    1
152    20    12    1
153    20    12    1
154    20    12    1
155    20    12    1
156    20    12    1
157    20    12    1
158    20    12    1
159    20    12    1
160    20    12    1
161    20    12    1
162    20    12    1
163    20    12    1
164    20    12    1
165    20    12    1
166    20    12    1
167    20    12    1
168    20    12    1
169    20    12    1
170    20    12    1
171    20    12    1
172    20    12    1
173    20    12    1
174    20    12    1
175    20    12    1
176    20    12    1
177    20    12    1
178    20    12    1
179    20    12    1
180    20    12    1
181    20    12    1
182    20    12    1
183    20    12    1
184    20    12    1
185    20    12    1
186    20    12    1
187    20    12    1
188    20    12    1
189    20    12    1
190    20    12    1
191    20    12    1
192    20    12    1
193    20    12    1
194    20    12    1
195    20    12    1
196    20    12    1
197    20    12    1
198    20    12    1
199    20    12    1
206    20    12    1
207    20    12    1
208    20    12    1
209    20    12    1
210    20    12    1
211    20    12    1
212    20    12    1
213    20    12    1
214    20    12    1
215    20    12    1
216    20    12    1
217    20    12    1
248    20    12    1
