1    20    12    1
2    20    12    1
10    20    12    1
30    20    12    1
34    20    12    1
13    20    12    1
39    20    12    1
43    20    12    1
47    20    12    1
51    20    12    1
55    20    12    1
63    20    12    1
67    20    12    1
70    20    12    1
75    20    12    1
83    20    12    1
57    20    12    1
79    20    12    1
87    20    12    1
91    20    12    1
96    20    12    1
103    20
104    20
105    20
106    20
107    20
108    20
109    20
111    20
112    20
114    20
115    20
