5 20   12    1 
6 20   12    1 
7 20   12    1 
8 20   12    1 
9 20   12    1 
10 20   12    1 
11 20   12    1 
12 20   12    1 
13 20   12    1 
14 20   12    1 
15 20   12    1 
16 20   12    1 
17 20   12    1 
24 20   12    1 
25 20   12    1 
34 20
35 20
36 20
37 20
38 20
39 20
40 20
41 20
42 20
43 20
44 20
45 20
46 20
47 20
52 20
53 20
54 20
55 20
60 10
61 10
62 10
63 10
64 10
65 10
70 10
71 10
72 10
73 10
74 10
75 10
76 10
77 10
78 10
79 10
80 10
81 10
86 10
87 10
88 10
89 10
90 10
91 10
92 10
93 10
94 10
95 10
96 10
97 10
98 10
99 10
