4    20    12    1
5    20    12    1
6    20    12    1
7    20    12    1
81    20    12    1
82    20    12    1
83    20    12    1
84    20    12    1
85    20    12    1
86    20    12    1
87    20    12    1
88    20    12    1
89    20    12    1
90    20    12    1
91    20    12    1
92    20    12    1
93    20    12    1
94    20    12    1
95    20    12    1
96    20    12    1
97    20    12    1
98    20    12    1
99    20    12    1
100    20    12    1
101    20    12    1
102    20    12    1
103    20    12    1
104    20    12    1
0    20    12    1
154    20    12    1
155    20    12    1
156    20    12    1
157    20    12    1
158    20    12    1
159    20    12    1
160    20    12    1
161    20    12    1
162    20    12    1
163    20    12    1
164    20    12    1
165    20    12    1
166    20    12    1
167    20    12    1
168    20    12    1
169    20    12    1
170    20    12    1
171    20    12    1
172    20    12    1
173    20    12    1
174    20    12    1
175    20    12    1
176    20    12    1
177    20    12    1
178    20    12    1
179    20    12    1
180    20    12    1
181    20    12    1
182    20    12    1
183    20    12    1
184    20    12    1
185    20    12    1
186    20    12    1
187    20    12    1
188    20    12    1
189    20    12    1
190    20    12    1
191    20    12    1
192    20    12    1
193    20    12    1
194    20    12    1
195    20    12    1
196    20    12    1
197    20    12    1
198    20    12    1
199    20    12    1
200    20    12    1
201    20    12    1
202    20    12    1
203    20    12    1
204    20    12    1
205    20    12    1
206    20    12    1
207    20    12    1
208    20    12    1
209    20    12    1
210    20    12    1
211    20    12    1
212    20    12    1
213    20    12    1
214    20    12    1
255    20    12    1
260    20    12    1
261    20    12    1
262    20    12    1
263    20    12    1
264    20    12    1
265    20    12    1
266    20    12    1
267    20    12    1
