1 20   12    1  
2 20   12    1  
3 20   12    1 
4 20   12    1 
5 20   12    1 
6 20   12    1 
7 20   12    1 
8 20   12    1 
9 20   12    1 
10 20   12    1 
11 20   12    1 
12 20   12    1 
13 20   12    1 
14 20   12    1 
15 20   12    1 
16 20   12    1 
17 20   12    1 
18 20   12    1 
19 20   12    1 
20 20   12    1 
21 20   12    1 
22 20   12    1 
23 20   12    1 
24 20   12    1 
25 20   12    1 
26 20   12    1 
27 20   12    1 
28 20   12    1 
29 20   12    1
125 20
126 20
127 20
128 20
129 20
130 20
131 20
132 20
133 20
134 20
135 20
136 20
137 20
138 20
139 20
140 20
141 20
142 20
143 20
144 20
145 20
146 20
147 20
148 20
149 20
150 20
151 20
152 20
153 20
154 20
155 20
156 20
157 20
158 20
159 20
160 20
161 20
162 20
163 20
164 20
165 20
166 20
167 20
168 20
169 20
170 20
171 20
172 20
173 20
174 20
175 20
176 20
177 20
178 20
179 20
180 20
181 20
182 20
183 20
184 20
185 20
186 20
187 20
188 20
189 20
190 20
191 20
192 20
193 20
194 20
