136 9.5
137 9.5
138 9.5
139 9.5
140 9.5
141 9.5
142 9.5
143 9.5
144 9.5
145 9.5
146 9.5
147 9.5
148 9.5
149 9.5
150 9.5
151 9.5
152 9.5
153 9.5
154 9.5
155 9.5
156 9.5
157 9.5
158 9.5
159 9.5
160 9.5
161 9.5
162 9.5
163 9.5
164 9.5
165 9.5
166 9.5
167 9.5
168 9.5
169 9.5
170 9.5
171 9.5
172 9.5
173 9.5
174 9.5
175 9.5
176 9.5
177 9.5
178 9.5
179 9.5
180 9.5
181 9.5
182 9.5
183 9.5
184 9.5
185 9.5
186 9.5
187 9.5
188 9.5
189 9.5
190 9.5
191 9.5
193 9.5
196 9.5
198 9.5
201 9.5
203 9.5
206 9.5
208 9.5
211 9.5
213 9.5
216 9.5
218 9.5
221 9.5
223 9.5
226 9.5
228 9.5
231 9.5
1 5
6 5
7 5
8 5
9 5
