#####################################################################
# CTA South 9-MST layout
# Prod5
# 56 MSTs, 9 SSTs
#
# Column 1: prod5 telescope number
# Column 2: FOV (deg)
# Column 3: dynamical range (bit)
# Column 4: for non-FADC analysis: use raw or calibrated (default) sum
# Column 5: CTAO telescope name
#
#####################################################################
46    20.   12   1  S-17
90    20.   12   1  S-61
94    20.   12   1  S-65
137    20.   12   1  S-71
143    20.   12   1  S-77
145    20.   12   1  S-79
165    20.   12   1  S-99
171    20.   12   1  S-105
173    20.   12   1  S-107
