1    20    12    1
2    20    12    1
3    20    12    1
8    20
9    20
10    20
11    20
12    20
13    20
16    20
20    20
21    20
41    20
42    20
43    20
44    20
45    20
46    20
424    20
425    20
426    20
427    20
428    20
429    20
442    20
443    20
444    20
445    20
446    20
447    20
448    20
449    20
450    20
451    20
452    20
453    20
454    20
455    20
456    20
457    20
458    20
459    20
538    20
545    20
546    20
547    20
548    20
549    20
550    20
551    20
552    20
553    20
554    20
555    20
556    20
557    20
558    20
559    20
560    20
561    20
562    20
563    20
564    20
565    20
566    20
567    20
568    20
