1    20    12    1
5    20    12    1
6    20    12    1
10    20    12    1
28    20    12    1
32    20    12    1
13    20    12    1
37    20    12    1
41    20    12    1
45    20    12    1
49    20    12    1
53    20    12    1
61    20    12    1
65    20    12    1
69    20    12    1
73    20    12    1
81    20    12    1
94    20    12    1
77    20    12    1
85    20    12    1
89    20    12    1
96    20    12    1
103    20
104    20
105    20
106    20
107    20
108    20
109    20
111    20
112    20
114    20
115    20
