5    20.     12    1
4    20.     12    1
12    20.
13    20.
14    20.
15    20.
16    20.
19    20.
20    20.
23    20.
24    20.
25    20.
26    20.
27    20.
28    20.
30    20.
31    20.
426    20.
427    20.
432    20.
433    20.
438    20.
439    20.
440    20.
441    20.
442    20.
443    20.
448    20.
449    20.
450    20.
451    20.
458    20.
459    20.
460    20.
461    20.
474    20.
475    20.
480    20.
481    20.
482    20.
483    20.
485    20.
486    20.
500    20.
501    20.
506    20.
507    20.
524    20.
525    20.
526    20.
527    20.
528    20.
529    20.
536    20.
537    20.
540    20.
541    20.
544    20.
545    20.
550    20.
551    20.
554    20.
555    20.
558    20.
559    20.
560    20.
561    20.
