4    5
5    5
6    5
7    5
81    8.5
82    8.5
83    8.5
84    8.5
85    8.5
86    8.5
87    8.5
88    8.5
89    8.5
90    8.5
91    8.5
92    8.5
93    8.5
94    8.5
95    8.5
96    8.5
97    8.5
98    8.5
99    8.5
100    8.5
101    8.5
102    8.5
103    8.5
104    8.5
170    15
171    15
172    15
173    15
174    15
175    15
176    15
177    15
178    15
179    15
180    15
181    15
182    15
183    15
184    15
185    15
186    15
187    15
188    15
189    15
190    15
191    15
192    15
193    15
335    10
336    10
337    10
338    10
339    10
340    10
341    10
342    10
343    10
344    10
345    10
346    10
347    10
348    10
349    10
350    10
351    10
352    10
353    10
354    10
355    10
356    10
357    10
358    10
359    10
360    10
361    10
362    10
363    10
364    10
365    10
366    10
367    10
368    10
369    10
370    10
371    10
372    10
373    10
374    10
375    10
376    10
377    10
378    10
379    10
380    10
381    10
382    10
383    10
384    10
385    10
386    10
387    10
388    10
389    10
390    10
391    10
392    10
393    10
394    10
395    10
396    10
397    10
398    10
399    10
400    10
401    10
402    10
403    10
404    10
405    10
406    10
439    10
