#####################################################################
# CTA North Science Verification Array Layout Candidate
# Prod5 North
# 4 LSTs and 6 MSTs (NectarCam type) - same as Alpha
#
# Telescope naming adopted to Prod6 naming
#
# Column 1: prod5 telescope number
# Column 2: FOV (deg)
# Column 3: dynamical range (bit)
# Column 4: for non-FADC analysis: use raw or calibrated (default) sum
# Column 5: CTAO telescope name
#
#####################################################################
1     20    12    1   L-01
2     20    12    1   L-02
3     20    12    1   L-03
4     20    12    1   L-04
5     20    12    1   M-01
6     20    12    1   M-02
9     20    12    1   M-05
10     20    12    1  M-06
11     20    12    1  M-07
35     20    12    1  M-10
