1    20    12    1
2    20    12    1
3    20    12    1
8    20
9    20
10    20
11    20
12    20
13    20
17    20
18    20
19    20
20    20
21    20
43    20
44    20
45    20
46    20
279    20
280    20
281    20
282    20
283    20
284    20
297    20
298    20
299    20
300    20
301    20
302    20
303    20
304    20
305    20
306    20
307    20
308    20
309    20
310    20
311    20
312    20
313    20
314    20
316    20
393    20
400    20
401    20
402    20
403    20
404    20
405    20
406    20
407    20
408    20
409    20
410    20
411    20
412    20
413    20
414    20
415    20
416    20
417    20
418    20
419    20
420    20
421    20
422    20
423    20
