4    20
5    20
6    20
7    20
81    20
82    20
83    20
84    20
85    20
86    20
87    20
88    20
89    20
90    20
91    20
92    20
93    20
94    20
95    20
96    20
97    20
98    20
99    20
100    20
101    20
102    20
103    20
104    20
0    20
388    20
389    20
390    20
391    20
392    20
393    20
394    20
395    20
396    20
397    20
398    20
399    20
400    20
401    20
402    20
403    20
404    20
405    20
406    20
407    20
408    20
409    20
410    20
411    20
412    20
413    20
414    20
415    20
416    20
417    20
418    20
419    20
420    20
421    20
422    20
423    20
424    20
425    20
426    20
427    20
428    20
429    20
430    20
431    20
432    20
433    20
434    20
435    20
436    20
437    20
438    20
439    20
440    20
441    20
442    20
443    20
444    20
445    20
446    20
447    20
448    20
489    20
494    20
495    20
496    20
497    20
498    20
499    20
500    20
501    20
