#####################################################################
# CTA North Advanced Threshold Layout D25
# Prod5 North
# 0 LSTs and 9 MSTs (FlashCam type)
#
# Column 1: prod5 telescope number
# Column 2: FOV (deg)
# Column 3: dynamical range (bit)
# Column 4: for non-FADC analysis: use raw or calibrated (default) sum
# Column 5: CTAO telescope name
#
#####################################################################
20     20    12    1   M-01
21     20    12    1   M-02
22     20    12    1   M-03
23     20    12    1   M-04
24     20    12    1   M-05
25     20    12    1   M-06
26     20    12    1   M-07
48     20    12    1   M-100
34     20    12    1   M-15
