4    5
5    5
6    5
7    5
8    8.5
9    8.5
10    8.5
11    8.5
12    8.5
13    8.5
16    8.5
17    8.5
18    8.5
19    8.5
20    8.5
21    8.5
22    8.5
23    8.5
24    8.5
25    8.5
26    8.5
27    8.5
41    8.5
42    8.5
43    8.5
44    8.5
45    8.5
46    8.5
166    15
167    15
168    15
169    15
170    15
171    15
172    15
173    15
174    15
175    15
176    15
177    15
178    15
179    15
180    15
181    15
182    15
183    15
184    15
185    15
186    15
187    15
188    15
189    15
480    10
481    10
482    10
483    10
484    10
485    10
487    10
488    10
490    10
492    10
494    10
497    10
498    10
499    10
500    10
501    10
502    10
503    10
504    10
505    10
506    10
507    10
508    10
509    10
510    10
511    10
512    10
513    10
514    10
515    10
516    10
517    10
518    10
519    10
520    10
521    10
522    10
523    10
524    10
525    10
526    10
527    10
528    10
529    10
530    10
531    10
532    10
533    10
534    10
535    10
536    10
537    10
538    10
539    10
540    10
541    10
542    10
543    10
544    10
545    10
552    10
553    10
554    10
555    10
556    10
557    10
558    10
559    10
560    10
561    10
562    10
563    10
594    10
