4    5
5    5
6    5
7    5
8    8.5
9    8.5
10    8.5
11    8.5
12    8.5
13    8.5
16    8.5
17    8.5
18    8.5
19    8.5
20    8.5
21    8.5
24    8.5
25    8.5
26    8.5
27    8.5
28    8.5
29    8.5
30    8.5
31    8.5
32    8.5
33    8.5
34    8.5
35    8.5
279    10
280    10
281    10
297    10
298    10
299    10
300    10
301    10
302    10
303    10
304    10
305    10
306    10
307    10
308    10
309    10
310    10
311    10
312    10
313    10
314    10
315    10
316    10
317    10
318    10
319    10
320    10
321    10
322    10
323    10
324    10
325    10
326    10
331    10
332    10
333    10
334    10
335    10
336    10
337    10
338    10
393    10
394    10
395    10
396    10
397    10
398    10
399    10
400    10
401    10
402    10
403    10
404    10
405    10
406    10
407    10
408    10
409    10
410    10
411    10
412    10
413    10
414    10
415    10
416    10
417    10
418    10
419    10
420    10
421    10
422    10
423    10
