4    5
5    5
6    5
7    5
8    8.5
9    8.5
10    8.5
11    8.5
12    8.5
13    8.5
16    8.5
17    8.5
18    8.5
19    8.5
20    8.5
21    8.5
24    8.5
25    8.5
26    8.5
27    8.5
28    8.5
29    8.5
30    8.5
31    8.5
32    8.5
33    8.5
34    8.5
35    8.5
424    10
425    10
426    10
442    10
443    10
444    10
445    10
446    10
447    10
448    10
449    10
450    10
451    10
452    10
453    10
454    10
455    10
456    10
457    10
458    10
459    10
460    10
461    10
462    10
463    10
464    10
465    10
466    10
467    10
468    10
469    10
470    10
471    10
476    10
477    10
478    10
479    10
480    10
481    10
482    10
483    10
538    10
539    10
540    10
541    10
542    10
543    10
544    10
545    10
546    10
547    10
548    10
549    10
550    10
551    10
552    10
553    10
554    10
555    10
556    10
557    10
558    10
559    10
560    10
561    10
562    10
563    10
564    10
565    10
566    10
567    10
568    10
