4    4.3     12    1
5    4.3     12    1
6    4.3     12    1
11    4.3     12    1
53    7.2     12    1
54    7.2     12    1
55    7.2     12    1
56    7.2     12    1
57    7.2     12    1
60    7.2     12    1
61    7.2     12    1
64    7.2     12    1
65    7.2     12    1
66    7.2     12    1
67    7.2     12    1
68    7.2     12    1
69    7.2     12    1
70    7.2     12    1
71    7.2     12    1
72    7.2     12    1
73    7.2     12    1
74    7.2     12    1
75    7.2     12    1
88    7.2     12    1
89    7.2     12    1
90    7.2     12    1
91    7.2     12    1
92    7.2     12    1
93    7.2     12    1
257    7.5
258    7.5
259    7.5
260    7.5
268    7.5
269    7.5
274    7.5
275    7.5
280    7.5
281    7.5
282    7.5
283    7.5
284    7.5
285    7.5
290    7.5
291    7.5
292    7.5
293    7.5
300    7.5
301    7.5
302    7.5
303    7.5
316    7.5
317    7.5
322    7.5
323    7.5
324    7.5
325    7.5
327    7.5
328    7.5
342    7.5
343    7.5
344    7.5
345    7.5
346    7.5
347    7.5
348    7.5
349    7.5
350    7.5
351    7.5
352    7.5
353    7.5
366    7.5
367    7.5
368    7.5
369    7.5
370    7.5
371    7.5
378    7.5
379    7.5
380    7.5
381    7.5
382    7.5
383    7.5
384    7.5
385    7.5
386    7.5
387    7.5
392    7.5
393    7.5
394    7.5
395    7.5
396    7.5
397    7.5
398    7.5
399    7.5
400    7.5
401    7.5
402    7.5
403    7.5
