#####################################################################
# CTA South Layout Science Verification SV5b
# Prod3b South
# 0 LSTs, 12 MSTs, 38 SSTs
#
# FlashCam MSTs
# GCT SSTs
#
# Column 1: prod3b telescope number
# Column 2: FOV (deg)
# Column 3: dynamical range (bit)
# Column 4: for no-FADC analysis: use raw or calibrated (default) sum
# Column 5: CTAO telescope number
#
#####################################################################
12   20.   12   1   M-01   
14   20.   12   1   M-02   
30   20.   12   1   M-03   
13   20.   12   1   M-04   
23   20.   12   1   M-06   
15   20.   12   1   M-07   
16   20.   12   1   M-08   
26   20.   12   1   M-10   
19   20.   12   1   M-11   
20   20.   12   1   M-12   
27   20.   12   1   M-13   
28   20.   12   1   M-21   
268   20.   12   1   S-05   
274   20.   12   1   S-07   
275   20.   12   1   S-08   
280   20.   12   1   S-15   
282   20.   12   1   S-17   
283   20.   12   1   S-18   
284   20.   12   1   S-09   
285   20.   12   1   S-10   
290   20.   12   1   S-11   
292   20.   12   1   S-13   
293   20.   12   1   S-14   
300   20.   12   1   S-21   
302   20.   12   1   S-23   
303   20.   12   1   S-24   
316   20.   12   1   S-19   
317   20.   12   1   S-20   
322   20.   12   1   S-29   
323   20.   12   1   S-30   
324   20.   12   1   S-25   
327   20.   12   1   S-27   
328   20.   12   1   S-28   
342   20.   12   1   S-31   
348   20.   12   1   S-33   
349   20.   12   1   S-34   
366   20.   12   1   S-35   
367   20.   12   1   S-36   
368   20.   12   1   S-45   
370   20.   12   1   S-47   
371   20.   12   1   S-48   
379   20.   12   1   S-58   
382   20.   12   1   S-53   
386   20.   12   1   S-55   
387   20.   12   1   S-56   
392   20.   12   1   S-59   
396   20.   12   1   S-61   
397   20.   12   1   S-62   
402   20.   12   1   S-69   
403   20.   12   1   S-70   
