#####################################################################
# CTA North Science Verification Array Layout Candidate
# Prod5 North
# 0 LSTs and 2 MSTs (NectarCam type)
#
# Telescope naming adopted to Prod6 naming
#
# Column 1: prod5 telescope number
# Column 2: FOV (deg)
# Column 3: dynamical range (bit)
# Column 4: for non-FADC analysis: use raw or calibrated (default) sum
# Column 5: CTAO telescope name
#
#####################################################################
5     20    12    1   M-01
6     20    12    1   M-02
7     20    12    1   M-03
10     20    12    1  M-06
11     20    12    1  M-07
19     20    12    1  M-15
35     20    12    1  M-10
