1    20.     12    1
2    20.     12    1
3    20.     12    1
12    20.
13    20.
14    20.
15    20.
16    20.
19    20.
20    20.
23    20.
24    20.
25    20.
26    20.
27    20.
28    20.
29    20.
30    20.
31    20.
32    20.
33    20.
34    20.
47    20.
48    20.
49    20.
50    20.
51    20.
52    20.
257    20.
258    20.
259    20.
260    20.
268    20.
269    20.
274    20.
275    20.
280    20.
281    20.
282    20.
283    20.
284    20.
285    20.
290    20.
291    20.
292    20.
293    20.
300    20.
301    20.
302    20.
303    20.
316    20.
317    20.
322    20.
323    20.
324    20.
325    20.
327    20.
328    20.
342    20.
343    20.
344    20.
345    20.
346    20.
347    20.
348    20.
349    20.
350    20.
351    20.
352    20.
353    20.
366    20.
367    20.
368    20.
369    20.
370    20.
371    20.
378    20.
379    20.
380    20.
381    20.
382    20.
383    20.
384    20.
385    20.
386    20.
387    20.
392    20.
393    20.
394    20.
395    20.
396    20.
397    20.
398    20.
399    20.
400    20.
401    20.
402    20.
403    20.
