#####################################################################
# CTA South Layout Science Verification SV2c
# Prod5 South
# 0 LSTs, 2 MSTs, 10 SSTs
#
# NectarCam MSTs
#
# Column 1: Prod5 telescope number
# Column 2: FOV (deg)
# Column 3: dynamical range (bit)
# Column 4: for no-FADC analysis: use raw or calibrated (default) sum
# Column 5: CTAO telescope number
#
#####################################################################
16     20    12    1   M-12
25     20    12    1   M-21
42     20    12    1   S-13
43     20    12    1   S-14
46     20    12    1   S-17
47     20    12    1   S-18
52     20    12    1   S-23
53     20    12    1   S-24
57     20    12    1   S-28
59     20    12    1   S-30
77     20    12    1   S-48
85     20    12    1   S-56
