5    5
6    5
7    5
8    8.5
9    8.5
10    8.5
11    8.5
12    8.5
13    8.5
14    8.5
15    8.5
16    8.5
17    8.5
18    8.5
19    8.5
20    8.5
21    8.5
22    8.5
23    8.5
24    8.5
25    8.5
26    8.5
27    8.5
27    15
335    10
336    10
337    10
338    10
339    10
340    10
341    10
342    10
343    10
344    10
345    10
346    10
347    10
348    10
349    10
350    10
351    10
352    10
353    10
354    10
355    10
356    10
357    10
358    10
359    10
360    10
361    10
362    10
363    10
364    10
365    10
366    10
367    10
368    10
369    10
370    10
371    10
372    10
373    10
374    10
375    10
376    10
377    10
378    10
379    10
380    10
381    10
382    10
383    10
384    10
385    10
386    10
439    10
