#####################################################################
# CTA South Layout
# Prod6
# 0 LSTs, 10 MSTs, 22 SSTs
#
# Column 1: prod6 telescope number
# Column 2: FOV (deg)
# Column 3: dynamical range (bit)
# Column 4: for non-FADC analysis: use raw or calibrated (default) sum
# Column 5: CTAO telescope name
#
#####################################################################
5    20.   12   1   MSTS-01
6    20.   12   1   MSTS-02
7    20.   12   1   MSTS-03
8    20.   12   1   MSTS-04
9    20.   12   1   MSTS-05
10    20.   12   1  MSTS-06
11    20.   12   1  MSTS-07
12    20.   12   1  MSTS-08
14    20.   12   1  MSTS-10
16    20.   12   1  MSTS-12
38    20.   12   1  STS-01
39    20.   12   1  STS-02
40    20.   12   1  STS-03
41    20.   12   1  STS-04
43    20.   12   1  STS-06
45    20.   12   1  STS-08
46    20.   12   1  STS-09
47    20.   12   1  STS-10
49    20.   12   1  STS-12
50    20.   12   1  STS-13
51    20.   12   1  STS-14
52    20.   12   1  STS-15
53    20.   12   1  STS-16
55    20.   12   1  STS-18
56    20.   12   1  STS-19
57    20.   12   1  STS-20
59    20.   12   1  STS-22
62    20.   12   1  STS-25
63    20.   12   1  STS-26
64    20.   12   1  STS-27
65    20.   12   1  STS-28
67    20.   12   1  STS-30
