#####################################################################
# CTA North Hyperarray Layout
# Prod6
# 4 LSTs and 26 MSTs
#
# Column 1: prod5 telescope number
# Column 2: FOV (deg)
# Column 3: dynamical range (bit)
# Column 4: for non-FADC analysis: use raw or calibrated (default) sum
# Column 5: CTAO telescope name
#
#####################################################################
1    20.   12   1   LSTN-01
2    20.   12   1   LSTN-02
3    20.   12   1   LSTN-03
4    20.   12   1   LSTN-04
5    20.   12   1   MSTN-01
6    20.   12   1   MSTN-02
7    20.   12   1   MSTN-03
8    20.   12   1   MSTN-04
9    20.   12   1   MSTN-05
10    20.   12   1  MSTN-06
11    20.   12   1  MSTN-07
12    20.   12   1  MSTN-08
13    20.   12   1  MSTN-09
14    20.   12   1  MSTN-10
15    20.   12   1  MSTN-11
16    20.   12   1  MSTN-12
17    20.   12   1  MSTN-13
18    20.   12   1  MSTN-14
19    20.   12   1  MSTN-15
20    20.   12   1  MSTN-01C
21    20.   12   1  MSTN-02A
22    20.   12   1  MSTN-07C
23    20.   12   1  MSTN-100
24    20.   12   1  MSTN-101
25    20.   12   1  MSTN-103
26    20.   12   1  MSTN-104
27    20.   12   1  MSTN-105
28    20.   12   1  MSTN-113
29    20.   12   1  MSTN-114
30    20.   12   1  MSTN-115
