#####################################################################
# CTA North Hyperarray Layout
# Prod5b North
# 4 LSTs and 56 MSTs
#
# Column 1: prod5 telescope number
# Column 2: FOV (deg)
# Column 3: dynamical range (bit)
# Column 4: for non-FADC analysis: use raw or calibrated (default) sum
# Column 5: CTAO telescope name
#
#####################################################################
1     20    12    1   L-01
2     20    12    1   L-02
3     20    12    1   L-03
4     20    12    1   L-04
5     20    12    1   M-01
6     20    12    1   M-02
7     20    12    1   M-03
8     20    12    1   M-04
9     20    12    1   M-05
10     20    12    1  M-06
11     20    12    1  M-07
12     20    12    1  M-08
13     20    12    1  M-09
14     20    12    1  M-10
15     20    12    1  M-11
16     20    12    1  M-12
17     20    12    1  M-13
18     20    12    1  M-14
19     20    12    1  M-15
20     20    12    1  M-01
21     20    12    1  M-02
22     20    12    1  M-03
23     20    12    1  M-04
24     20    12    1  M-05
25     20    12    1  M-06
26     20    12    1  M-07
27     20    12    1  M-08
28     20    12    1  M-09
29     20    12    1  M-10
30     20    12    1  M-11
31     20    12    1  M-12
32     20    12    1  M-13
33     20    12    1  M-14
34     20    12    1  M-15
35     20    12    1  M-100
36     20    12    1  M-110
37     20    12    1  M-90
38     20    12    1  M-076
39     20    12    1  M-1301
40     20    12    1  M-0251
41     20    12    1  M-0151
42     20    12    1  M-140
43     20    12    1  M-500
44     20    12    1  M-501
45     20    12    1  M-600
46     20    12    1  M-601
47     20    12    1  M-602
48     20    12    1  M-100
49     20    12    1  M-110
50     20    12    1  M-90
51     20    12    1  M-076
52     20    12    1  M-1301
53     20    12    1  M-0251
54     20    12    1  M-0151
55     20    12    1  M-140
56     20    12    1  M-500
57     20    12    1  M-501
58     20    12    1  M-600
59     20    12    1  M-601
60     20    12    1  M-602
61     20    12    1  M-04A
62     20    12    1  M-04B
63     20    12    1  M-04C
64     20    12    1  M-04A
65     20    12    1  M-04B
66     20    12    1  M-04C
67     20    12    1  M-04D
68     20    12    1  M-15A
69     20    12    1  M-05B
70     20    12    1  M-76B
71     20    12    1  M-405
72     20    12    1  M-201
73     20    12    1  M-05C
74     20    12    1  M-06B
75     20    12    1  MST 751
76     20    12    1  M-04D
77     20    12    1  M-15A
78     20    12    1  M-05B
79     20    12    1  M-76B
80     20    12    1  M-405
81     20    12    1  M-201
82     20    12    1  M-05C
83     20    12    1  M-06B
84     20    12    1  MST 751
