#####################################################################
# CTA South
# Prod5 layout S-M3T1b-12MSTs30SSTs-MSTF
# 0 LSTs and 12 MSTs (FlashCam type), 30 SSTs
#
# Column 1: prod5 telescope number
# Column 2: FOV (deg)
# Column 3: dynamical range (bit)
# Column 4: for non-FADC analysis: use raw or calibrated (default) sum
# Column 5: CTAO telescope name
#
#####################################################################
5    20.   12   1   M-01
6    20.   12   1   M-02
8    20.   12   1   M-04
11    20.   12   1  M-07
12    20.   12   1  M-08
13    20.   12   1  M-09
126    20.   12   1  M-11A
16    20.   12   1  M-12
19    20.   12   1  M-15
20    20.   12   1  M-16
21    20.   12   1  M-17
25    20.   12   1  M-21
36    20.   12   1  S-07
37    20.   12   1  S-08
38    20.   12   1  S-09
39    20.   12   1  S-10
40    20.   12   1  S-11
41    20.   12   1  S-12
42    20.   12   1  S-13
43    20.   12   1  S-14
44    20.   12   1  S-15
45    20.   12   1  S-16
46    20.   12   1  S-17
47    20.   12   1  S-18
48    20.   12   1  S-19
49    20.   12   1  S-20
50    20.   12   1  S-21
51    20.   12   1  S-22
52    20.   12   1  S-23
53    20.   12   1  S-24
54    20.   12   1  S-25
55    20.   12   1  S-26
56    20.   12   1  S-27
57    20.   12   1  S-28
132    20.   12   1  S-29A
59    20.   12   1  S-30
135    20.   12   1  S-45A
75    20.   12   1  S-46
76    20.   12   1  S-47
77    20.   12   1  S-48
131    20.   12   1  S-57A
87    20.   12   1  S-58
