#####################################################################
# CTA South Layout
# Prod6
# 0 LSTs, 0 MSTs, 13 SSTs
#
# Column 1: prod6 telescope number
# Column 2: FOV (deg)
# Column 3: dynamical range (bit)
# Column 4: for non-FADC analysis: use raw or calibrated (default) sum
# Column 5: CTAO telescope name
#
#####################################################################
38    20.   12   1  STS-01
51    20.   12   1  STS-14
63    20.   12   1  STS-26
65    20.   12   1  STS-28
53    20.   12   1  STS-16
55    20.   12   1  STS-18
67    20.   12   1  STS-30
47    20.   12   1  STS-10
49    20.   12   1  STS-12
39    20.   12   1  STS-02
41    20.   12   1  STS-04
43    20.   12   1  STS-06
45    20.   12   1  STS-08
