1    20
2    20
3    20
8    20
9    20
10    20
11    20
12    20
13    20
16    20
17    20
18    20
19    20
20    20
21    20
41    20
42    20
43    20
44    20
45    20
46    20
134    20
135    20
136    20
137    20
138    20
139    20
141    20
142    20
144    20
152    20
153    20
154    20
155    20
156    20
157    20
158    20
159    20
160    20
161    20
162    20
163    20
164    20
165    20
166    20
167    20
168    20
169    20
170    20
171    20
172    20
173    20
174    20
175    20
176    20
177    20
178    20
179    20
180    20
181    20
182    20
183    20
184    20
185    20
186    20
187    20
188    20
189    20
190    20
191    20
192    20
193    20
248    20
267    20
268    20
269    20
270    20
271    20
272    20
