4    5
5    5
6    5
7    5
71    8.5
72    8.5
73    8.5
74    8.5
75    8.5
76    8.5
79    8.5
80    8.5
81    8.5
82    8.5
83    8.5
84    8.5
85    8.5
86    8.5
87    8.5
88    8.5
89    8.5
90    8.5
104    8.5
105    8.5
106    8.5
107    8.5
108    8.5
109    8.5
134    10
135    10
136    10
137    10
138    10
139    10
141    10
142    10
144    10
146    10
148    10
151    10
152    10
153    10
154    10
155    10
156    10
157    10
158    10
159    10
160    10
161    10
162    10
163    10
164    10
165    10
166    10
167    10
168    10
169    10
170    10
171    10
172    10
173    10
174    10
175    10
176    10
177    10
178    10
179    10
180    10
181    10
182    10
183    10
184    10
185    10
186    10
187    10
188    10
189    10
190    10
191    10
192    10
193    10
194    10
195    10
196    10
197    10
198    10
199    10
206    10
207    10
208    10
209    10
210    10
211    10
212    10
213    10
214    10
215    10
216    10
217    10
248    10
