#####################################################################
# CTA South
# Prod5
# 4 LSTs and 14 MSTs (FlashCam type), 42 SSTs
#
# Column 1: prod5 telescope number
# Column 2: FOV (deg)
# Column 3: dynamical range (bit)
# Column 4: for non-FADC analysis: use raw or calibrated (default) sum
# Column 5: CTAO telescope name
#
#####################################################################
1    20.   12   1   L-01
2    20.   12   1   L-02
3    20.   12   1   L-03
4    20.   12   1   L-04
5    20.   12   1   M-01
6    20.   12   1   M-02
8    20.   12   1   M-04
10    20.   12   1  M-06
11    20.   12   1  M-07
12    20.   12   1  M-08
13    20.   12   1  M-09
14    20.   12   1  M-10
126    20.   12   1  M-11A
16    20.   12   1  M-12
125    20.   12   1  M-13A
20    20.   12   1  M-16
24    20.   12   1  M-20
26    20.   12   1  M-22
30    20.   12   1  S-01
33    20.   12   1  S-04
38    20.   12   1  S-09
39    20.   12   1  S-10
44    20.   12   1  S-15
45    20.   12   1  S-16
46    20.   12   1  S-17
47    20.   12   1  S-18
48    20.   12   1  S-19
49    20.   12   1  S-20
133    20.   12   1  S-29B
59    20.   12   1  S-30
60    20.   12   1  S-31
61    20.   12   1  S-32
62    20.   12   1  S-33
63    20.   12   1  S-34
64    20.   12   1  S-35
65    20.   12   1  S-36
139    20.   12   1  S-73
140    20.   12   1  S-74
141    20.   12   1  S-75
142    20.   12   1  S-76
143    20.   12   1  S-77
144    20.   12   1  S-78
145    20.   12   1  S-79
146    20.   12   1  S-80
161    20.   12   1  S-95
162    20.   12   1  S-96
163    20.   12   1  S-97
164    20.   12   1  S-98
165    20.   12   1  S-99
166    20.   12   1  S-100
167    20.   12   1  S-101
168    20.   12   1  S-102
173    20.   12   1  S-107
174    20.   12   1  S-108
175    20.   12   1  S-109
176    20.   12   1  S-110
177    20.   12   1  S-111
178    20.   12   1  S-112
179    20.   12   1  S-113
180    20.   12   1  S-114
