1    20    12    1
5    20    12    1
6    20    12    1
10    20    12    1
11    20    12    1
12    20    12    1
13    20    12    1
14    20    12    1
15    20    12    1
16    20    12    1
17    20    12    1
18    20    12    1
20    20    12    1
21    20    12    1
22    20    12    1
23    20    12    1
25    20    12    1
94    20    12    1
24    20    12    1
26    20    12    1
27    20    12    1
96    20    12    1
103    20
104    20
105    20
106    20
107    20
108    20
109    20
111    20
112    20
114    20
115    20
