#####################################################################
# CTA North Hyperarray Layout
# Prod5 North
# 4 LSTs and 56 MSTs
#
# Column 1: prod5 telescope number
# Column 2: FOV (deg)
# Column 3: dynamical range (bit)
# Column 4: for non-FADC analysis: use raw or calibrated (default) sum
# Column 5: CTAO telescope name
#
#####################################################################
1     20    12    1   L-01
2     20    12    1   L-02
3     20    12    1   L-03
4     20    12    1   L-04
5     20    12    1   M-01
6     20    12    1   M-02
7     20    12    1   M-03
8     20    12    1   M-04
9     20    12    1   M-05
10     20    12    1  M-06
11     20    12    1  M-07
12     20    12    1  M-08
13     20    12    1  M-09
14     20    12    1  M-10
15     20    12    1  M-11
16     20    12    1  M-12
17     20    12    1  M-13
18     20    12    1  M-14
19     20    12    1  M-15
35     20    12    1  M-100
36     20    12    1  M-110
37     20    12    1  M-90
38     20    12    1  M-076
39     20    12    1  M-1301
40     20    12    1  M-0251
41     20    12    1  M-0151
42     20    12    1  M-140
43     20    12    1  M-500
44     20    12    1  M-501
45     20    12    1  M-600
46     20    12    1  M-601
47     20    12    1  M-602
