4    5
5    5
6    5
7    5
71    8.5
72    8.5
73    8.5
74    8.5
75    8.5
76    8.5
79    8.5
80    8.5
81    8.5
82    8.5
83    8.5
84    8.5
85    8.5
86    8.5
87    8.5
88    8.5
89    8.5
90    8.5
104    8.5
105    8.5
106    8.5
107    8.5
108    8.5
109    8.5
424    10
425    10
426    10
427    10
428    10
429    10
431    10
432    10
434    10
436    10
438    10
441    10
442    10
443    10
444    10
445    10
446    10
447    10
448    10
449    10
450    10
451    10
452    10
453    10
454    10
455    10
456    10
457    10
458    10
459    10
460    10
461    10
462    10
463    10
464    10
465    10
466    10
467    10
468    10
469    10
470    10
471    10
472    10
473    10
474    10
475    10
476    10
477    10
478    10
479    10
480    10
481    10
482    10
483    10
484    10
485    10
486    10
487    10
488    10
489    10
496    10
497    10
498    10
499    10
500    10
501    10
502    10
503    10
504    10
505    10
506    10
507    10
538    10
