4    20
5    20
6    20
7    20
81    20
82    20
83    20
84    20
85    20
86    20
87    20
88    20
89    20
90    20
91    20
92    20
93    20
94    20
95    20
96    20
97    20
98    20
99    20
100    20
101    20
102    20
103    20
104    20
0    20
154    20
155    20
156    20
157    20
158    20
159    20
160    20
161    20
162    20
163    20
164    20
165    20
166    20
167    20
168    20
169    20
170    20
171    20
172    20
173    20
174    20
175    20
176    20
177    20
178    20
179    20
180    20
181    20
182    20
183    20
184    20
185    20
186    20
187    20
188    20
189    20
190    20
191    20
192    20
193    20
194    20
195    20
196    20
197    20
198    20
199    20
200    20
201    20
202    20
203    20
204    20
205    20
206    20
207    20
208    20
209    20
210    20
211    20
212    20
213    20
214    20
215    20
216    20
217    20
218    20
219    20
220    20
221    20
222    20
255    20
