12    20.
13    20.
14    20.
15    20.
16    20.
19    20.
20    20.
23    20.
24    20.
25    20.
26    20.
27    20.
28    20.
30    20.
31    20.
268    20.
269    20.
274    20.
275    20.
280    20.
281    20.
282    20.
283    20.
284    20.
285    20.
290    20.
291    20.
292    20.
293    20.
300    20.
301    20.
302    20.
303    20.
322    20.
323    20.
324    20.
325    20.
327    20.
328    20.
342    20.
343    20.
348    20.
349    20.
366    20.
367    20.
370    20.
371    20.
379    20.
386    20.
387    20.
