#####################################################################
# CTA South
# Prod5
# 0 LSTs and 15 MSTs (FlashCam type)
#
# Column 1: prod5 telescope number
# Column 2: FOV (deg)
# Column 3: dynamical range (bit)
# Column 4: for non-FADC analysis: use raw or calibrated (default) sum
# Column 5: CTAO telescope name
#
#####################################################################
5     20    12    1   M-01
6     20    12    1   M-02
7     20    12    1   M-03
8     20    12    1   M-04
10     20    12    1   M-06
11     20    12    1   M-07
12     20    12    1   M-08
13     20    12    1   M-09
14     20    12    1   M-10
15     20    12    1   M-11
16     20    12    1   M-12
17     20    12    1   M-13
19     20    12    1   M-15
20     20    12    1   M-16
25     20    12    1   M-21
