12    20.
13    20.
14    20.
15    20.
16    20.
19    20.
20    20.
31    20.
32    20.
49    20.
33    20.
34    20.
52    20.
29    20.
30    20.
268    20.
269    20.
274    20.
275    20.
394    20.
395    20.
300    20.
301    20.
302    20.
303    20.
322    20.
323    20.
324    20.
325    20.
327    20.
328    20.
342    20.
343    20.
348    20.
349    20.
366    20.
367    20.
368    20.
369    20.
370    20.
371    20.
379    20.
382    20.
383    20.
386    20.
387    20.
392    20.
393    20.
396    20.
397    20.
