#####################################################################
# CTA South Layout Science Verification SV2b
# Prod5 South
# 0 LSTs, 2 MSTs, 10 SSTs
#
# FlashCam MSTs
#
# Column 1: Prod5 telescope number
# Column 2: FOV (deg)
# Column 3: dynamical range (bit)
# Column 4: for no-FADC analysis: use raw or calibrated (default) sum
# Column 5: CTAO telescope number
#
#####################################################################
7     20    12    1   M-03
17     20    12    1   M-13
37     20    12    1   S-08
39     20    12    1   S-10
43     20    12    1   S-14
49     20    12    1   S-20
53     20    12    1   S-24
57     20    12    1   S-28
63     20    12    1   S-34
65     20    12    1   S-36
85     20    12    1   S-56
91     20    12    1   S-62
