#####################################################################
# CTA South
# Prod3b SCT
# 15 SCTs
#
# Column 1: prod3b telescope number
# Column 2: FOV (deg)
# Column 3: dynamical range (bit)
# Column 4: for non-FADC analysis: use raw or calibrated (default) sum
# Column 5: CTAO telescope name
#
#####################################################################
1  20    12  1  MSCT-01
3  20    12  1  MSCT-02
2  20    12  1  MSCT-04
4  20    12  1  MSCT-07
5  20    12  1  MSCT-08
6  20    12  1  MSCT-11
7  20    12  1  MSCT-12
20 20    12  1  MSCT-15
14 20    12  1  MSCT-16
21 20    12  1  MSCT-17
22 20    12  1  MSCT-20
17 20    12  1  MSCT-21
23 20    12  1  MSCT-22
38 20    12  1  MSCT-24
41 20    12  1  MSCT-25
