4    20.     12    1
5    20.     12    1
6    20.     12    1
11    20.     12    1
12    7.2
13    7.2
14    7.2
15    7.2
16    7.2
19    7.2
20    7.2
23    7.2
24    7.2
25    7.2
26    7.2
27    7.2
28    7.2
29    7.2
30    7.2
31    7.2
32    7.2
33    7.2
34    7.2
47    7.2
48    7.2
49    7.2
50    7.2
51    7.2
52    7.2
415    8.25
416    8.25
417    8.25
418    8.25
426    8.25
427    8.25
432    8.25
433    8.25
438    8.25
439    8.25
440    8.25
441    8.25
442    8.25
443    8.25
448    8.25
449    8.25
450    8.25
451    8.25
458    8.25
459    8.25
460    8.25
461    8.25
474    8.25
475    8.25
480    8.25
481    8.25
482    8.25
483    8.25
485    8.25
486    8.25
500    8.25
501    8.25
502    8.25
503    8.25
504    8.25
505    8.25
506    8.25
507    8.25
508    8.25
509    8.25
510    8.25
511    8.25
524    8.25
525    8.25
526    8.25
527    8.25
528    8.25
529    8.25
536    8.25
537    8.25
538    8.25
539    8.25
540    8.25
541    8.25
542    8.25
543    8.25
544    8.25
545    8.25
550    8.25
551    8.25
552    8.25
553    8.25
554    8.25
555    8.25
556    8.25
557    8.25
558    8.25
559    8.25
560    8.25
561    8.25
