4    20.     12    1
5    20.     12    1
6    20.     12    1
11    20.     12    1
12    20.
13    20.
14    20.
15    20.
16    20.
19    20.
20    20.
23    20.
24    20.
25    20.
26    20.
27    20.
28    20.
29    20.
30    20.
31    20.
32    20.
33    20.
34    20.
35    20.
36    20.
37    20.
38    20.
39    20.
40    20.
415    20.
416    20.
417    20.
418    20.
426    20.
427    20.
432    20.
433    20.
438    20.
439    20.
440    20.
441    20.
442    20.
443    20.
448    20.
449    20.
450    20.
451    20.
458    20.
459    20.
460    20.
461    20.
474    20.
475    20.
480    20.
481    20.
482    20.
483    20.
485    20.
486    20.
500    20.
501    20.
502    20.
503    20.
504    20.
505    20.
506    20.
507    20.
508    20.
509    20.
510    20.
511    20.
524    20.
525    20.
526    20.
527    20.
528    20.
529    20.
536    20.
537    20.
538    20.
539    20.
540    20.
541    20.
542    20.
543    20.
544    20.
545    20.
550    20.
551    20.
552    20.
553    20.
554    20.
555    20.
556    20.
557    20.
558    20.
559    20.
560    20.
561    20.
