5    5
6    5
7    5
81    8.5
82    8.5
83    8.5
84    8.5
85    8.5
86    8.5
87    8.5
88    8.5
89    8.5
90    8.5
91    8.5
92    8.5
93    8.5
94    8.5
95    8.5
96    8.5
97    8.5
98    8.5
99    8.5
100    8.5
100    15
452    10
453    10
454    10
455    10
456    10
457    10
458    10
459    10
460    10
461    10
462    10
463    10
464    10
465    10
466    10
467    10
468    10
469    10
470    10
471    10
472    10
473    10
474    10
475    10
476    10
477    10
478    10
479    10
480    10
481    10
482    10
483    10
484    10
485    10
486    10
487    10
488    10
489    10
490    10
491    10
492    10
493    10
494    10
495    10
496    10
497    10
498    10
499    10
500    10
501    10
502    10
503    10
556    10
