#####################################################################
# CTA North ANTI-Baseline Layout
# Prod3b North
# all telescopes which are in prod3b but not in
# the baseline layout 
# (mostly used for training)
#
# NectarCam MSTs
#
# Column 1: prod3b telescope number
# Column 2: FOV (deg)
# Column 3: dynamical range (bit)
# Column 4: for no-FADC analysis: use raw or calibrated (default) sum
# Column 5: CTAO telescope number
#
#####################################################################
1 20
2 20
3 20
4 20
43 20
44 20
45 20
46 20
47 20
48 20
49 20
50 20
51 20
52 20
53 20
54 20
55 20
56 20
57 20
66 10
69 10
70 10
71 10
73 10
116 10
118 10
119 10
120 10
