#####################################################################
# CTA North Threshold Layout (option TR)
# Prod3b North
# 4 LSTs and 5 MSTs
#
# NectarCam MSTs
#
# Column 1: prod3b telescope number
# Column 2: FOV (deg)
# Column 3: dynamical range (bit)
# Column 4: for no-FADC analysis: use raw or calibrated (default) sum
# Column 5: CTAO telescope number
#
#####################################################################
5     20    12    1  L-01
6     20    12    1  L-02
7     20    12    1  L-03
8     20    12    1  L-04
62    20    12    1  M-05
63    20    12    1  M-06
117   20    12    1  M-09
67    20    12    1  M-10
72    20    12    1  M-15
