4    4.3     12    1
5    4.3     12    1
6    4.3     12    1
11    4.3     12    1
12    7.0
13    7.0
14    7.0
15    7.0
16    7.0
19    7.0
20    7.0
23    7.0
24    7.0
25    7.0
26    7.0
27    7.0
28    7.0
29    7.0
30    7.0
31    7.0
32    7.0
33    7.0
34    7.0
47    7.0
48    7.0
49    7.0
50    7.0
51    7.0
52    7.0
99    8.8     12    1
100    8.8     12    1
101    8.8     12    1
102    8.8     12    1
110    8.8     12    1
111    8.8     12    1
116    8.8     12    1
117    8.8     12    1
122    8.8     12    1
123    8.8     12    1
124    8.8     12    1
125    8.8     12    1
126    8.8     12    1
127    8.8     12    1
132    8.8     12    1
133    8.8     12    1
134    8.8     12    1
135    8.8     12    1
142    8.8     12    1
143    8.8     12    1
144    8.8     12    1
145    8.8     12    1
158    8.8     12    1
159    8.8     12    1
164    8.8     12    1
165    8.8     12    1
166    8.8     12    1
167    8.8     12    1
169    8.8     12    1
170    8.8     12    1
184    8.8     12    1
185    8.8     12    1
186    8.8     12    1
187    8.8     12    1
188    8.8     12    1
189    8.8     12    1
190    8.8     12    1
191    8.8     12    1
192    8.8     12    1
193    8.8     12    1
194    8.8     12    1
195    8.8     12    1
208    8.8     12    1
209    8.8     12    1
210    8.8     12    1
211    8.8     12    1
212    8.8     12    1
213    8.8     12    1
220    8.8     12    1
221    8.8     12    1
222    8.8     12    1
223    8.8     12    1
224    8.8     12    1
225    8.8     12    1
226    8.8     12    1
227    8.8     12    1
228    8.8     12    1
229    8.8     12    1
234    8.8     12    1
235    8.8     12    1
236    8.8     12    1
237    8.8     12    1
238    8.8     12    1
239    8.8     12    1
240    8.8     12    1
241    8.8     12    1
242    8.8     12    1
243    8.8     12    1
244    8.8     12    1
245    8.8     12    1
