     1 4.5
     2 4.5
     3 4.5
     4 4.5
     5 4.5
     6 8
     7 8
     8 8
     9 8
    10 8
    11 8
    12 8
    13 8
    14 8
    15 8
    16 8
    17 8
    18 8
    19 8
    20 8
    21 8
    22 8
    23 8
    24 8
    25 8
    26 8
    27 8
    28 8
    29 8
    30 8
    31 8
    32 8
    33 8
    34 8
    35 8
    36 8
    37 8
    38 8
    39 8
    40 8
    41 8
    42 8
    43 8
    44 8
    45 8
    46 8
    47 8
    48 8
    49 8
    50 8
    51 8
    52 8
    53 8
    54 8
    55 8
    56 8
    57 8
    58 8
    59 8
    60 10
    61 10
    62 10
    63 10
    64 10
    65 10
    66 10
    67 10
    68 10
    69 10
    70 10
    71 10
    72 10
    73 10
    74 10
    75 10
    76 10
    77 10
    78 10
    79 10
    80 10
    81 10
    82 10
    83 10
    84 10
    85 10
    86 10
    87 10
    88 10
    89 10
    90 10
    91 10
    92 10
    93 10
    94 10
    95 10
    96 10
    97 10
    98 10
    99 10
   100 10
   101 10
   102 10
   103 10
   104 10
   105 10
   106 10
   107 10
   108 10
   109 10
   110 10
   111 10
   112 10
   113 10
   114 10
   115 10
   116 10
   117 10
   118 10
   119 10
   120 10
   121 10
   122 10
   123 10
   124 10
   125 10
   126 10
   127 10
   128 10
   129 10
   130 10
   131 10
   132 10
   133 10
   134 10
   135 10
   136 10
   137 10
   138 10
   139 10
   140 10
   141 10
   142 10
   143 10
   144 10
   145 10
   146 10
   147 10
   148 10
   149 10
   150 10
   151 10
   152 10
   153 10
   154 10
   155 10
   156 10
   157 10
   158 10
   159 10
   160 10
   161 10
   162 10
   163 10
   164 10
   165 10
   166 10
   167 10
   168 10
   170 4.5
   171 4.5
   172 4.5
   173 4.5
