4    5
5    5
6    5
7    5
8    8.5
9    8.5
10    8.5
11    8.5
12    8.5
13    8.5
16    8.5
17    8.5
18    8.5
19    8.5
20    8.5
21    8.5
24    8.5
25    8.5
26    8.5
27    8.5
28    8.5
29    8.5
30    8.5
31    8.5
32    8.5
33    8.5
34    8.5
35    8.5
35    15
190    10
191    10
192    10
208    10
209    10
210    10
211    10
212    10
213    10
214    10
215    10
216    10
217    10
218    10
219    10
220    10
221    10
222    10
223    10
224    10
225    10
226    10
227    10
228    10
229    10
230    10
231    10
232    10
233    10
234    10
235    10
236    10
237    10
242    10
243    10
244    10
245    10
246    10
247    10
248    10
249    10
304    10
305    10
306    10
307    10
308    10
309    10
310    10
311    10
312    10
313    10
314    10
315    10
316    10
317    10
318    10
319    10
320    10
321    10
322    10
323    10
324    10
325    10
326    10
327    10
328    10
329    10
330    10
331    10
332    10
333    10
334    10
