30     20.
31     20.
32     20.
33     20.
34     20.
35     20.
36     20.
37     20.
38     20.
39     20.
40     20.
41     20.
42     20.
43     20.
44     20.
45     20.
46     20.
47     20.
48     20.
49     20.
50     20.
51     20.
52     20.
53     20.
54     20.
55     20.
56     20.
57     20.
58     20.
59     20.
60     20.
61     20.
62     20.
63     20.
64     20.
65     20.
66     20.
67     20.
68     20.
69     20.
70     20.
71     20.
72     20.
73     20.
74     20.
75     20.
76     20.
77     20.
78     20.
79     20.
80     20.
81     20.
84     20.
85     20.
89     20.
