#####################################################################
# CTA South
# Prod3b SCT
# C3 array (14 MSTs and 11 SCTs)
#
# Column 1: prod3b telescope number
# Column 2: FOV (deg)
# Column 3: dynamical range (bit)
# Column 4: for non-FADC analysis: use raw or calibrated (default) sum
# Column 5: CTAO telescope name
#
#####################################################################
12 20
13 20
18 20
19 20
20 20
21 20
22 20
23 20
36 20
37 20
38 20
39 20
40 20
41 20
116 20
117 20
118 20
119 20
120 20
122 20
123 20
129 20
130 20
131 20
132 20
