#####################################################################
# CTA South Layout - Alpha
# Prod6
# 0 MSTs, 37 SSTs
#
# Column 1: prod6 telescope number
# Column 2: FOV (deg)
# Column 3: dynamical range (bit)
# Column 4: for non-FADC analysis: use raw or calibrated (default) sum
# Column 5: CTAO telescope name
#
#####################################################################
38    20.   12   1  STS-01
39    20.   12   1  STS-02
40    20.   12   1  STS-03
41    20.   12   1  STS-04
42    20.   12   1  STS-05
43    20.   12   1  STS-06
44    20.   12   1  STS-07
45    20.   12   1  STS-08
46    20.   12   1  STS-09
47    20.   12   1  STS-10
48    20.   12   1  STS-11
49    20.   12   1  STS-12
50    20.   12   1  STS-13
51    20.   12   1  STS-14
52    20.   12   1  STS-15
53    20.   12   1  STS-16
54    20.   12   1  STS-17
55    20.   12   1  STS-18
56    20.   12   1  STS-19
57    20.   12   1  STS-20
58    20.   12   1  STS-21
59    20.   12   1  STS-22
60    20.   12   1  STS-23
61    20.   12   1  STS-24
62    20.   12   1  STS-25
63    20.   12   1  STS-26
64    20.   12   1  STS-27
65    20.   12   1  STS-28
66    20.   12   1  STS-29
67    20.   12   1  STS-30
68    20.   12   1  STS-31
69    20.   12   1  STS-32
70    20.   12   1  STS-33
71    20.   12   1  STS-34
72    20.   12   1  STS-35
73    20.   12   1  STS-36
74    20.   12   1  STS-37
