#####################################################################
# CTA South Layout Science Verification SV3a
# Prod5 South
# 0 LSTs, 4 MSTs, 18 SSTs
#
# FlashCam MSTs
#
# Column 1: Prod5 telescope number
# Column 2: FOV (deg)
# Column 3: dynamical range (bit)
# Column 4: for no-FADC analysis: use raw or calibrated (default) sum
# Column 5: CTAO telescope number
#
#####################################################################
6     20    12    1   M-02
7     20    12    1   M-03
13     20    12    1   M-09
17     20    12    1   M-13
35     20    12    1   S-06
37     20    12    1   S-08
39     20    12    1   S-10
41     20    12    1   S-12
43     20    12    1   S-14
45     20    12    1   S-16
49     20    12    1   S-20
51     20    12    1   S-22
55     20    12    1   S-26
57     20    12    1   S-28
61     20    12    1   S-32
63     20    12    1   S-34
65     20    12    1   S-36
75     20    12    1   S-46
83     20    12    1   S-54
85     20    12    1   S-56
89     20    12    1   S-60
91     20    12    1   S-62
