53    20.     12    1
54    20.     12    1
55    20.     12    1
56    20.     12    1
57    20.     12    1
60    20.     12    1
61    20.     12    1
64    20.     12    1
65    20.     12    1
66    20.     12    1
67    20.     12    1
68    20.     12    1
69    20.     12    1
70    20.     12    1
71    20.     12    1
72    20.     12    1
73    20.     12    1
74    20.     12    1
75    20.     12    1
88    20.     12    1
89    20.     12    1
90    20.     12    1
91    20.     12    1
92    20.     12    1
93    20.     12    1
