5    20
6    20
7    20
81    20
82    20
83    20
84    20
85    20
86    20
87    20
88    20
89    20
90    20
91    20
92    20
93    20
94    20
95    20
96    20
97    20
98    20
99    20
100    20
0    20
271    20
272    20
273    20
274    20
275    20
276    20
277    20
278    20
279    20
280    20
281    20
282    20
283    20
284    20
285    20
286    20
287    20
288    20
289    20
290    20
291    20
292    20
293    20
294    20
295    20
296    20
297    20
298    20
299    20
300    20
301    20
302    20
303    20
304    20
305    20
306    20
307    20
308    20
309    20
310    20
311    20
312    20
313    20
314    20
315    20
316    20
317    20
318    20
319    20
372    20
