5    5
6    5
7    5
81    8.5
82    8.5
83    8.5
84    8.5
85    8.5
86    8.5
87    8.5
88    8.5
89    8.5
90    8.5
91    8.5
92    8.5
93    8.5
94    8.5
95    8.5
96    8.5
97    8.5
98    8.5
99    8.5
100    8.5
166    15
167    15
168    15
169    15
170    15
171    15
172    15
173    15
174    15
175    15
176    15
177    15
178    15
179    15
180    15
181    15
218    10
219    10
220    10
221    10
222    10
223    10
224    10
225    10
226    10
227    10
228    10
229    10
230    10
231    10
232    10
233    10
234    10
235    10
236    10
237    10
238    10
239    10
240    10
241    10
242    10
243    10
244    10
245    10
246    10
247    10
248    10
249    10
250    10
251    10
252    10
253    10
254    10
255    10
256    10
257    10
258    10
259    10
260    10
261    10
262    10
263    10
264    10
265    10
266    10
267    10
268    10
269    10
322    10
