13   20.   12   1   M-04   
16   20.   12   1   M-08   
20   20.   12   1   M-12   
31   20.   12   1   M-15   
32   20.   12   1   M-17   
49   20.   12   1   M-24   
29   20.   12   1   M-05   
30   20.   12   1   M-03   
47   20.   12   1   M-14   
48   20.   12   1   M-18   
50   20.   12   1   M-19   
51   20.   12   1   M-23   
300   20.   12   1   S-21   
301   20.   12   1   S-22   
401   20.   12   1   S-68   
303   20.   12   1   S-24   
383   20.   12   1   S-54   
382   20.   12   1   S-53   
370   20.   12   1   S-47   
371   20.   12   1   S-48   
379   20.   12   1   S-58   
324   20.   12   1   S-25   
325   20.   12   1   S-26   
327   20.   12   1   S-27   
328   20.   12   1   S-28   
392   20.   12   1   S-59   
393   20.   12   1   S-60   
396   20.   12   1   S-61   
397   20.   12   1   S-62   
316   20.   12   1   S-19   
317   20.   12   1   S-20   
400   20.   12   1   S-67   
282   20.   12   1   S-17   
323   20.   12   1   S-30   
368   20.   12   1   S-45   
369   20.   12   1   S-46   
322   20.   12   1   S-29   
402   20.   12   1   S-69   
403   20.   12   1   S-70   
386   20.   12   1   S-55   
387   20.   12   1   S-56   
259   20.   12   1   S-03   
302   20.   12   1   S-23   
