#####################################################################
# CTA South
# Prod3b SCT
# C2 array (14 MSTs and 11 SCTs)
#
# Column 1: prod3b telescope number
# Column 2: FOV (deg)
# Column 3: dynamical range (bit)
# Column 4: for non-FADC analysis: use raw or calibrated (default) sum
# Column 5: CTAO telescope name
#
#####################################################################
1 20
15 20
6 20
7 20
16 20
18 20
19 20
20 20
21 20
36 20
37 20
38 20
39 20
40 20
129  20
127  20
119  20
120  20
128  20
117  20
118  20
137  20
132  20
138  20
156  20
