4    5
5    5
6    5
7    5
81    8.5
82    8.5
83    8.5
84    8.5
85    8.5
86    8.5
87    8.5
88    8.5
89    8.5
90    8.5
91    8.5
92    8.5
93    8.5
94    8.5
95    8.5
96    8.5
97    8.5
98    8.5
99    8.5
100    8.5
101    8.5
102    8.5
103    8.5
104    8.5
0    10
388    10
389    10
390    10
391    10
392    10
393    10
394    10
395    10
396    10
397    10
398    10
399    10
400    10
401    10
402    10
403    10
404    10
405    10
406    10
407    10
408    10
409    10
410    10
411    10
412    10
413    10
414    10
415    10
416    10
417    10
418    10
419    10
420    10
421    10
422    10
423    10
424    10
425    10
426    10
427    10
428    10
429    10
430    10
431    10
432    10
433    10
434    10
435    10
436    10
437    10
438    10
439    10
440    10
441    10
442    10
443    10
444    10
445    10
446    10
447    10
448    10
449    10
450    10
451    10
452    10
453    10
454    10
455    10
456    10
489    10
