12   20.   12   1   M-01   
13   20.   12   1   M-04   
14   20.   12   1   M-02   
15   20.   12   1   M-07   
16   20.   12   1   M-08   
19   20.   12   1   M-11   
20   20.   12   1   M-12   
23   20.   12   1   M-06   
24   20.   12   1   M-09   
25   20.   12   1   M-16   
26   20.   12   1   M-10   
27   20.   12   1   M-13   
28   20.   12   1   M-21   
30   20.   12   1   M-03   
31   20.   12   1   M-15   
268   20.   12   1   S-05   
269   20.   12   1   S-06   
274   20.   12   1   S-07   
275   20.   12   1   S-08   
302   20.   12   1   S-23   
303   20.   12   1   S-24   
282   20.   12   1   S-17   
283   20.   12   1   S-18   
327   20.   12   1   S-27   
323   20.   12   1   S-30   
324   20.   12   1   S-25   
328   20.   12   1   S-28   
292   20.   12   1   S-13   
293   20.   12   1   S-14   
342   20.   12   1   S-31   
343   20.   12   1   S-32   
348   20.   12   1   S-33   
349   20.   12   1   S-34   
316   20.   12   1   S-19   
317   20.   12   1   S-20   
