#####################################################################
# CTA South 
# Prod5
# 0 LSTs and 25 MSTs (FlashCam type), 0 SSTs
#
# Column 1: prod5 telescope number
# Column 2: FOV (deg)
# Column 3: dynamical range (bit)
# Column 4: for non-FADC analysis: use raw or calibrated (default) sum
# Column 5: CTAO telescope name
#
#####################################################################
5    20.   12   1   M-01
6    20.   12   1   M-02
7    20.   12   1   M-03
8    20.   12   1   M-04
9    20.   12   1   M-05
10    20.   12   1  M-06
11    20.   12   1  M-07
12    20.   12   1  M-08
13    20.   12   1  M-09
14    20.   12   1  M-10
126    20.   12   1  M-11A
16    20.   12   1  M-12
125    20.   12   1  M-13A
18    20.   12   1  M-14
19    20.   12   1  M-15
20    20.   12   1  M-16
21    20.   12   1  M-17
22    20.   12   1  M-18
23    20.   12   1  M-19
24    20.   12   1  M-20
25    20.   12   1  M-21
26    20.   12   1  M-22
27    20.   12   1  M-23
28    20.   12   1  M-24
29    20.   12   1  M-25
