1    20.     12    1
2    20.     12    1
3    20.     12    1
54    20.     12    1
55    20.     12    1
56    20.     12    1
57    20.     12    1
58    20.     12    1
59    20.     12    1
64    20.     12    1
65    20.     12    1
66    20.     12    1
67    20.     12    1
68    20.     12    1
69    20.     12    1
70    20.     12    1
71    20.     12    1
72    20.     12    1
73    20.     12    1
74    20.     12    1
75    20.     12    1
88    20.     12    1
89    20.     12    1
90    20.     12    1
91    20.     12    1
92    20.     12    1
93    20.     12    1
252    20.
253    20.
254    20.
255    20.
261    20.
262    20.
263    20.
268    20.
269    20.
270    20.
271    20.
272    20.
273    20.
274    20.
275    20.
276    20.
277    20.
278    20.
279    20.
284    20.
285    20.
286    20.
287    20.
288    20.
289    20.
294    20.
295    20.
296    20.
297    20.
298    20.
299    20.
304    20.
305    20.
306    20.
307    20.
308    20.
309    20.
310    20.
311    20.
312    20.
313    20.
314    20.
315    20.
316    20.
317    20.
318    20.
319    20.
320    20.
321    20.
330    20.
331    20.
332    20.
333    20.
334    20.
335    20.
336    20.
337    20.
338    20.
339    20.
340    20.
341    20.
354    20.
355    20.
356    20.
357    20.
358    20.
359    20.
360    20.
361    20.
362    20.
363    20.
364    20.
365    20.
