4    5
5    5
6    5
7    5
8    8.5
9    8.5
10    8.5
11    8.5
12    8.5
13    8.5
14    8.5
15    8.5
16    8.5
17    8.5
18    8.5
19    8.5
20    8.5
21    8.5
22    8.5
23    8.5
24    8.5
25    8.5
26    8.5
27    8.5
28    8.5
29    8.5
30    8.5
31    8.5
0    10
154    10
155    10
156    10
157    10
158    10
159    10
160    10
161    10
162    10
163    10
164    10
165    10
166    10
167    10
168    10
169    10
170    10
171    10
172    10
173    10
174    10
175    10
176    10
177    10
178    10
179    10
180    10
181    10
182    10
183    10
184    10
185    10
186    10
187    10
188    10
189    10
190    10
191    10
192    10
193    10
194    10
195    10
196    10
197    10
198    10
199    10
200    10
201    10
202    10
203    10
204    10
205    10
206    10
207    10
208    10
209    10
210    10
211    10
212    10
213    10
214    10
255    10
260    10
261    10
262    10
263    10
264    10
265    10
266    10
267    10
