#####################################################################
# CTA South Layout Science Verification SV4b
# Prod3b South
# 0 LSTs, 8 MSTs, 26 SSTs
#
# FlashCam MSTs
# GCT SSTs
#
# Column 1: prod3b telescope number
# Column 2: FOV (deg)
# Column 3: dynamical range (bit)
# Column 4: for no-FADC analysis: use raw or calibrated (default) sum
# Column 5: CTAO telescope number
#
#####################################################################
12   20.   12   1   M-01   
14   20.   12   1   M-02   
30   20.   12   1   M-03   
26   20.   12   1   M-10   
19   20.   12   1   M-11   
20   20.   12   1   M-12   
27   20.   12   1   M-13   
28   20.   12   1   M-21   
274   20.   12   1   S-07   
275   20.   12   1   S-08   
282   20.   12   1   S-17   
283   20.   12   1   S-18   
284   20.   12   1   S-09   
285   20.   12   1   S-10   
292   20.   12   1   S-13   
293   20.   12   1   S-14   
302   20.   12   1   S-23   
303   20.   12   1   S-24   
316   20.   12   1   S-19   
317   20.   12   1   S-20   
323   20.   12   1   S-30   
327   20.   12   1   S-27   
328   20.   12   1   S-28   
348   20.   12   1   S-33   
349   20.   12   1   S-34   
367   20.   12   1   S-36   
370   20.   12   1   S-47   
371   20.   12   1   S-48   
379   20.   12   1   S-58   
386   20.   12   1   S-55   
387   20.   12   1   S-56   
397   20.   12   1   S-62   
402   20.   12   1   S-69   
403   20.   12   1   S-70   
