#####################################################################
# CTA South 9-MST layout
# Prod5
# 56 MSTs, 9 SSTs
#
# Column 1: prod5 telescope number
# Column 2: FOV (deg)
# Column 3: dynamical range (bit)
# Column 4: for non-FADC analysis: use raw or calibrated (default) sum
# Column 5: CTAO telescope name
#
#####################################################################
35    20.   12   1  S-06
37    20.   12   1  S-08
39    20.   12   1  S-10
49    20.   12   1  S-20
61    20.   12   1  S-32
138    20.   12   1  S-72
146    20.   12   1  S-80
157    20.   12   1  S-91
158    20.   12   1  S-92
