7    20.     12    1
8    20.     12    1
9    20.     12    1
10    20.     12    1
12    20.
13    20.
14    20.
15    20.
16    20.
17    20.
18    20.
23    20.
24    20.
25    20.
26    20.
27    20.
28    20.
29    20.
30    20.
31    20.
32    20.
33    20.
34    20.
47    20.
48    20.
49    20.
50    20.
51    20.
52    20.
411    20.
414    20.
421    20.
422    20.
426    20.
427    20.
430    20.
431    20.
432    20.
433    20.
436    20.
437    20.
442    20.
443    20.
448    20.
449    20.
450    20.
451    20.
458    20.
459    20.
460    20.
461    20.
474    20.
475    20.
482    20.
483    20.
484    20.
485    20.
486    20.
487    20.
500    20.
501    20.
502    20.
503    20.
504    20.
505    20.
506    20.
507    20.
508    20.
509    20.
510    20.
511    20.
524    20.
525    20.
526    20.
527    20.
528    20.
529    20.
534    20.
535    20.
538    20.
539    20.
540    20.
541    20.
542    20.
543    20.
544    20.
545    20.
550    20.
551    20.
552    20.
553    20.
554    20.
555    20.
556    20.
557    20.
558    20.
559    20.
560    20.
561    20.
