#####################################################################
# CTA South
# Prod3b SCT
# 40 SSTs, 25 SCTs
#
# Column 1: prod3b telescope number
# Column 2: FOV (deg)
# Column 3: dynamical range (bit)
# Column 4: for non-FADC analysis: use raw or calibrated (default) sum
# Column 5: CTAO telescope name
#
#####################################################################
116 20
117 20
118 20
119 20
120 20
122 20
123   20
127   20
128   20
129   20
130   20
131   20
132   20
133   20
134   20
135   20
136   20
137   20
138   20
151   20
152   20
153   20
154   20
155   20
156   20
157   20
42
43
48
49
50
51
52
53
54
55
56
57
58
59
60
61
62
63
64
65
66
67
68
69
78
79
84
85
86
87
88
89
90
91
92
93
94
95
96
97
