#####################################################################
# CTA South
# Prod5 layout S-M1C3-10MSTs35SSTs-MSTF
# 0 LSTs and 10 MSTs (FlashCam type), 35 SSTs
#
# Column 1: prod5 telescope number
# Column 2: FOV (deg)
# Column 3: dynamical range (bit)
# Column 4: for non-FADC analysis: use raw or calibrated (default) sum
# Column 5: CTAO telescope name
#
#####################################################################
5    20.   12   1   M-01
6    20.   12   1   M-02
8    20.   12   1   M-04
11    20.   12   1  M-07
12    20.   12   1  M-08
13    20.   12   1  M-09
126    20.   12   1  M-11A
16    20.   12   1  M-12
20    20.   12   1  M-16
25    20.   12   1  M-21
30    20.   12   1  S-01
31    20.   12   1  S-02
32    20.   12   1  S-03
33    20.   12   1  S-04
34    20.   12   1  S-05
35    20.   12   1  S-06
36    20.   12   1  S-07
37    20.   12   1  S-08
38    20.   12   1  S-09
39    20.   12   1  S-10
40    20.   12   1  S-11
41    20.   12   1  S-12
43    20.   12   1  S-14
44    20.   12   1  S-15
45    20.   12   1  S-16
47    20.   12   1  S-18
50    20.   12   1  S-21
51    20.   12   1  S-22
53    20.   12   1  S-24
137    20.   12   1  S-71
138    20.   12   1  S-72
139    20.   12   1  S-73
140    20.   12   1  S-74
141    20.   12   1  S-75
142    20.   12   1  S-76
143    20.   12   1  S-77
144    20.   12   1  S-78
145    20.   12   1  S-79
146    20.   12   1  S-80
148    20.   12   1  S-82
149    20.   12   1  S-83
150    20.   12   1  S-84
162    20.   12   1  S-96
163    20.   12   1  S-97
164    20.   12   1  S-98
