#####################################################################
# CTA South Layout Science Verification SV3b
# Prod3b South
# 0 LSTs, 4 MSTs, 18 SSTs
#
# FlashCam MSTs
# GCT SSTs
#
# Column 1: prod3b telescope number
# Column 2: FOV (deg)
# Column 3: dynamical range (bit)
# Column 4: for no-FADC analysis: use raw or calibrated (default) sum
# Column 5: CTAO telescope number
#
#####################################################################
14   20.   12   1   M-02   
30   20.   12   1   M-03   
20   20.   12   1   M-12   
27   20.   12   1   M-13   
275   20.   12   1   S-08   
282   20.   12   1   S-17   
283   20.   12   1   S-18   
285   20.   12   1   S-10   
293   20.   12   1   S-14   
302   20.   12   1   S-23   
303   20.   12   1   S-24   
317   20.   12   1   S-20   
323   20.   12   1   S-30   
328   20.   12   1   S-28   
349   20.   12   1   S-34   
367   20.   12   1   S-36   
370   20.   12   1   S-47   
371   20.   12   1   S-48   
379   20.   12   1   S-58   
387   20.   12   1   S-56   
397   20.   12   1   S-62   
403   20.   12   1   S-70   
