#####################################################################
# CTA South Layout Science Verification SV4
# Prod5 South
# 2 LSTs, 2 MSTs, 26 SSTs
#
# FlashCam MSTs
#
# Column 1: Prod5 telescope number
# Column 2: FOV (deg)
# Column 3: dynamical range (bit)
# Column 4: for non-FADC analysis: use raw or calibrated (default) sum
# Column 5: CTAO telescope name
#
#####################################################################
1    20.   12   1   L-01
2    20.   12   1   L-02
6    20.   12   1   M-02
12    20.   12   1  M-08
31    20.   12   1  S-02
33    20.   12   1  S-04
39    20.   12   1  S-10
44    20.   12   1  S-15
45    20.   12   1  S-16
47    20.   12   1  S-18
49    20.   12   1  S-20
133    20.   12   1  S-29B
59    20.   12   1  S-30
61    20.   12   1  S-32
63    20.   12   1  S-34
140    20.   12   1  S-74
141    20.   12   1  S-75
142    20.   12   1  S-76
144    20.   12   1  S-78
145    20.   12   1  S-79
146    20.   12   1  S-80
162    20.   12   1  S-96
163    20.   12   1  S-97
164    20.   12   1  S-98
166    20.   12   1  S-100
167    20.   12   1  S-101
168    20.   12   1  S-102
174    20.   12   1  S-108
176    20.   12   1  S-110
178    20.   12   1  S-112
