5    5
6    5
7    5
73    8.5
74    8.5
75    8.5
76    8.5
77    8.5
78    8.5
79    8.5
80    8.5
81    8.5
82    8.5
83    8.5
84    8.5
104    8.5
105    8.5
106    8.5
107    8.5
108    8.5
109    8.5
109    15
335    10
336    10
337    10
338    10
339    10
340    10
353    10
354    10
355    10
356    10
357    10
358    10
359    10
360    10
361    10
362    10
363    10
364    10
365    10
366    10
367    10
368    10
369    10
370    10
371    10
372    10
373    10
374    10
375    10
376    10
377    10
378    10
379    10
380    10
381    10
382    10
449    10
456    10
457    10
458    10
459    10
460    10
461    10
462    10
463    10
464    10
465    10
466    10
467    10
468    10
469    10
470    10
471    10
472    10
473    10
474    10
475    10
476    10
477    10
478    10
479    10
