1    5
2    5
3    5
8    8.5
9    8.5
10    8.5
11    8.5
12    8.5
13    8.5
14    8.5
15    8.5
20    8.5
21    8.5
22    8.5
23    8.5
24    8.5
25    8.5
26    8.5
27    8.5
27    15
218    10
219    10
220    10
221    10
222    10
223    10
224    10
225    10
226    10
227    10
228    10
229    10
230    10
231    10
232    10
233    10
234    10
235    10
236    10
237    10
238    10
239    10
240    10
241    10
242    10
243    10
244    10
245    10
246    10
247    10
248    10
249    10
250    10
251    10
252    10
253    10
254    10
255    10
256    10
257    10
258    10
259    10
260    10
261    10
322    10
327    10
328    10
329    10
330    10
331    10
332    10
333    10
334    10
