#####################################################################
# CTA North Baseline Layout
# Prod3b North
# 4 LSTs and 15 MSTs
#
# NectarCam MSTs
#
# Column 1: prod3b telescope number
# Column 2: FOV (deg)
# Column 3: dynamical range (bit)
# Column 4: for no-FADC analysis: use raw or calibrated (default) sum
# Column 5: CTAO telescope number
#
#####################################################################
5    20    12    1  L-01
6    20    12    1  L-02
7    20    12    1  L-03
8    20    12    1  L-04
58    20    12    1  M-01
61    20    12    1  M-04
63    20    12    1  M-06
65    20    12    1  M-08
68    20    12    1  M-11
74    20    12    1  M-12
76    20    12    1  M-14
72    20    12    1  M-15
117   20    12    1  M-09
