4    5
5    5
6    5
7    5
8    8.5
9    8.5
10    8.5
11    8.5
12    8.5
13    8.5
14    8.5
15    8.5
16    8.5
17    8.5
18    8.5
19    8.5
20    8.5
21    8.5
22    8.5
23    8.5
24    8.5
25    8.5
26    8.5
27    8.5
28    8.5
29    8.5
30    8.5
31    8.5
170    15
171    15
172    15
173    15
174    15
175    15
176    15
177    15
178    15
179    15
180    15
181    15
182    15
183    15
184    15
185    15
186    15
187    15
188    15
189    15
190    15
191    15
192    15
193    15
452    10
453    10
454    10
455    10
456    10
457    10
458    10
459    10
460    10
461    10
462    10
463    10
464    10
465    10
466    10
467    10
468    10
469    10
470    10
471    10
472    10
473    10
474    10
475    10
476    10
477    10
478    10
479    10
480    10
481    10
482    10
483    10
484    10
485    10
486    10
487    10
488    10
489    10
490    10
491    10
492    10
493    10
494    10
495    10
496    10
497    10
498    10
499    10
500    10
501    10
502    10
503    10
504    10
505    10
506    10
507    10
508    10
509    10
510    10
511    10
512    10
513    10
514    10
515    10
516    10
517    10
518    10
519    10
520    10
521    10
522    10
523    10
556    10
