2 10
3 10
5 10
31 10
8 10
51 10
25 10
45 10
23 10
6 10
44 10
33 10
53 10
24 10
10 10
43 10
26 10
46 10
32 10
12 10
52 12
151 12
115 12
106 12
98 12
125 12
133 12
142 12
168 12
153 12
117 12
109 12
100 12
127 12
136 12
144 12
162 12
155 12
120 12
111 12
102 12
129 12
138 12
147 12
164 12
158 12
122 12
113 12
104 12
131 12
140 12
149 12
167 12
157 12
119 12
108 12
97 12
124 12
135 12
146 12
166 12
159 12
123 12
114 12
105 12
132 12
141 12
150 12
168 12
156 12
121 12
112 12
103 12
130 12
139 12
148 12
165 12
154 12
118 12
110 12
101 12
128 12
137 12
145 12
163 12
152 12
116 12
107 12
99 12
126 12
134 12
143 12
160 12
161 12
