5    20    12    1
6    20    12    1
7    20    12    1
8    20
9    20
10    20
11    20
12    20
13    20
14    20
15    20
16    20
17    20
18    20
19    20
20    20
21    20
22    20
23    20
24    20
25    20
26    20
27    20
0    20    12    1
154    20    12    1
155    20    12    1
156    20    12    1
157    20    12    1
158    20    12    1
159    20    12    1
160    20    12    1
161    20    12    1
162    20    12    1
163    20    12    1
164    20    12    1
165    20    12    1
166    20    12    1
167    20    12    1
168    20    12    1
169    20    12    1
170    20    12    1
171    20    12    1
172    20    12    1
173    20    12    1
174    20    12    1
175    20    12    1
176    20    12    1
177    20    12    1
178    20    12    1
179    20    12    1
180    20    12    1
181    20    12    1
182    20    12    1
183    20    12    1
184    20    12    1
185    20    12    1
186    20    12    1
187    20    12    1
188    20    12    1
189    20    12    1
190    20    12    1
191    20    12    1
192    20    12    1
193    20    12    1
194    20    12    1
195    20    12    1
196    20    12    1
197    20    12    1
198    20    12    1
199    20    12    1
200    20    12    1
201    20    12    1
202    20    12    1
255    20    12    1
