1    20    12    1
2    20    12    1
3    20    12    1
71    20    12    1
72    20    12    1
73    20    12    1
74    20    12    1
75    20    12    1
76    20    12    1
80    20    12    1
81    20    12    1
82    20    12    1
83    20    12    1
84    20    12    1
106    20    12    1
107    20    12    1
108    20    12    1
109    20    12    1
279    20
280    20
281    20
282    20
283    20
284    20
286    20
287    20
289    20
297    20
298    20
299    20
300    20
301    20
302    20
303    20
304    20
305    20
306    20
307    20
308    20
319    20
320    20
323    20
324    20
393    20
400    20
402    20
403    20
404    20
405    20
406    20
408    20
410    20
411    20
412    20
413    20
414    20
415    20
416    20
417    20
