1    20
2    20
3    20
71    20
72    20
73    20
74    20
75    20
76    20
79    20
80    20
81    20
82    20
83    20
84    20
104    20
105    20
106    20
107    20
108    20
109    20
424    20
425    20
426    20
427    20
428    20
429    20
431    20
432    20
434    20
442    20
443    20
444    20
445    20
446    20
447    20
448    20
449    20
450    20
451    20
452    20
453    20
454    20
455    20
456    20
457    20
458    20
459    20
460    20
461    20
462    20
463    20
464    20
465    20
466    20
467    20
468    20
469    20
470    20
471    20
472    20
473    20
474    20
475    20
476    20
477    20
478    20
479    20
480    20
481    20
482    20
483    20
538    20
557    20
558    20
559    20
560    20
561    20
562    20
