#####################################################################
# CTA South Hyperarray Layout for 50 SST simulations 
# Prod5
# 37 SST layout from 50 SST production
#
# Column 1: prod5 telescope number
# Column 2: FOV (deg)
# Column 3: dynamical range (bit)
# Column 4: for non-FADC analysis: use raw or calibrated (default) sum
# Column 5: CTAO telescope name
#
#####################################################################
1     20.   12   1  S-01
2     20.   12   1  S-02
3     20.   12   1  S-03
4     20.   12   1  S-04
5     20.   12   1  S-05
6     20.   12   1  S-06
7     20.   12   1  S-07
8     20.   12   1  S-08
9     20.   12   1  S-09
10    20.   12   1  S-10
11    20.   12   1  S-11
12    20.   12   1  S-12
13    20.   12   1  S-13
14    20.   12   1  S-14
15    20.   12   1  S-15
16    20.   12   1  S-16
17    20.   12   1  S-17
18    20.   12   1  S-18
19    20.   12   1  S-19
20    20.   12   1  S-20
21    20.   12   1  S-21
22    20.   12   1  S-22
23    20.   12   1  S-23
24    20.   12   1  S-24
25    20.   12   1  S-25
26    20.   12   1  S-26
27    20.   12   1  S-27
28    20.   12   1  S-28
29    20.   12   1  S-29
30    20.   12   1  S-30
31    20.   12   1  S-31
32    20.   12   1  S-32
33    20.   12   1  S-33
34    20.   12   1  S-34
35    20.   12   1  S-35
36    20.   12   1  S-36
37    20.   12   1  S-37
