1    20    12    1
2    20    12    1
71    20    12    1
72    20    12    1
73    20    12    1
74    20    12    1
75    20    12    1
76    20    12    1
80    20    12    1
81    20    12    1
82    20    12    1
83    20    12    1
84    20    12    1
106    20    12    1
107    20    12    1
108    20    12    1
109    20    12    1
424    20
425    20
426    20
427    20
428    20
429    20
431    20
432    20
434    20
442    20
443    20
444    20
445    20
446    20
447    20
448    20
449    20
450    20
451    20
452    20
453    20
460    20
461    20
464    20
465    20
468    20
469    20
472    20
473    20
476    20
477    20
478    20
479    20
480    20
481    20
538    20
545    20
547    20
548    20
549    20
550    20
551    20
553    20
555    20
556    20
557    20
558    20
559    20
560    20
561    20
562    20
