12   20.   12   1   M-01   
13   20.   12   1   M-04   
14   20.   12   1   M-02   
15   20.   12   1   M-07   
16   20.   12   1   M-08   
19   20.   12   1   M-11   
20   20.   12   1   M-12   
31   20.   12   1   M-15   
32   20.   12   1   M-17   
33   20.   12   1   M-20   
34   20.   12   1   M-22   
30   20.   12   1   M-03   
268   20.   12   1   S-05   
269   20.   12   1   S-06   
274   20.   12   1   S-07   
275   20.   12   1   S-08   
381   20.   12   1   S-50   
384   20.   12   1   S-51   
300   20.   12   1   S-21   
301   20.   12   1   S-22   
302   20.   12   1   S-23   
303   20.   12   1   S-24   
380   20.   12   1   S-49   
385   20.   12   1   S-52   
322   20.   12   1   S-29   
323   20.   12   1   S-30   
324   20.   12   1   S-25   
325   20.   12   1   S-26   
327   20.   12   1   S-27   
328   20.   12   1   S-28   
342   20.   12   1   S-31   
343   20.   12   1   S-32   
348   20.   12   1   S-33   
349   20.   12   1   S-34   
366   20.   12   1   S-35   
367   20.   12   1   S-36   
368   20.   12   1   S-45   
369   20.   12   1   S-46   
370   20.   12   1   S-47   
371   20.   12   1   S-48   
378   20.   12   1   S-57   
379   20.   12   1   S-58   
