#####################################################################
# CTA South 
# Prod5 North
# 4 LSTs and 25 MSTs (FlashCam type), 70 SSTs
#
# Column 1: prod5 telescope number
# Column 2: FOV (deg)
# Column 3: dynamical range (bit)
# Column 4: for non-FADC analysis: use raw or calibrated (default) sum
# Column 5: CTAO telescope name
#
#####################################################################
1    20.   12   1   L-01
2    20.   12   1   L-02
3    20.   12   1   L-03
4    20.   12   1   L-04
5    20.   12   1   M-01
6    20.   12   1   M-02
7    20.   12   1   M-03
8    20.   12   1   M-04
9    20.   12   1   M-05
10    20.   12   1  M-06
11    20.   12   1  M-07
12    20.   12   1  M-08
13    20.   12   1  M-09
14    20.   12   1  M-10
15    20.   12   1  M-11
16    20.   12   1  M-12
17    20.   12   1  M-13
18    20.   12   1  M-14
19    20.   12   1  M-15
20    20.   12   1  M-16
21    20.   12   1  M-17
22    20.   12   1  M-18
23    20.   12   1  M-19
24    20.   12   1  M-20
25    20.   12   1  M-21
26    20.   12   1  M-22
27    20.   12   1  M-23
28    20.   12   1  M-24
29    20.   12   1  M-25
30    20.   12   1  S-01
31    20.   12   1  S-02
32    20.   12   1  S-03
33    20.   12   1  S-04
34    20.   12   1  S-05
35    20.   12   1  S-06
36    20.   12   1  S-07
37    20.   12   1  S-08
38    20.   12   1  S-09
39    20.   12   1  S-10
40    20.   12   1  S-11
41    20.   12   1  S-12
42    20.   12   1  S-13
43    20.   12   1  S-14
44    20.   12   1  S-15
45    20.   12   1  S-16
46    20.   12   1  S-17
47    20.   12   1  S-18
48    20.   12   1  S-19
49    20.   12   1  S-20
50    20.   12   1  S-21
51    20.   12   1  S-22
52    20.   12   1  S-23
53    20.   12   1  S-24
54    20.   12   1  S-25
55    20.   12   1  S-26
56    20.   12   1  S-27
57    20.   12   1  S-28
58    20.   12   1  S-29
59    20.   12   1  S-30
60    20.   12   1  S-31
61    20.   12   1  S-32
62    20.   12   1  S-33
63    20.   12   1  S-34
64    20.   12   1  S-35
65    20.   12   1  S-36
66    20.   12   1  S-37
67    20.   12   1  S-38
68    20.   12   1  S-39
69    20.   12   1  S-40
70    20.   12   1  S-41
71    20.   12   1  S-42
72    20.   12   1  S-43
73    20.   12   1  S-44
74    20.   12   1  S-45
75    20.   12   1  S-46
76    20.   12   1  S-47
77    20.   12   1  S-48
78    20.   12   1  S-49
79    20.   12   1  S-50
80    20.   12   1  S-51
81    20.   12   1  S-52
82    20.   12   1  S-53
83    20.   12   1  S-54
84    20.   12   1  S-55
85    20.   12   1  S-56
86    20.   12   1  S-57
87    20.   12   1  S-58
88    20.   12   1  S-59
89    20.   12   1  S-60
90    20.   12   1  S-61
91    20.   12   1  S-62
92    20.   12   1  S-63
93    20.   12   1  S-64
94    20.   12   1  S-65
95    20.   12   1  S-66
96    20.   12   1  S-67
97    20.   12   1  S-68
98    20.   12   1  S-69
99    20.   12   1  S-70
