1    20    12    1
2    20    12    1
3    20    12    1
71    20    12    1
72    20    12    1
73    20    12    1
74    20    12    1
75    20    12    1
76    20    12    1
79    20    12    1
80    20    12    1
81    20    12    1
82    20    12    1
83    20    12    1
84    20    12    1
85    20    12    1
86    20    12    1
87    20    12    1
88    20    12    1
89    20    12    1
90    20    12    1
104    20    12    1
105    20    12    1
106    20    12    1
107    20    12    1
108    20    12    1
109    20    12    1
279    20
280    20
281    20
282    20
283    20
284    20
297    20
298    20
299    20
300    20
301    20
302    20
303    20
304    20
305    20
306    20
307    20
308    20
309    20
310    20
311    20
312    20
313    20
314    20
315    20
316    20
317    20
318    20
319    20
320    20
321    20
322    20
323    20
324    20
325    20
326    20
327    20
328    20
329    20
330    20
331    20
332    20
333    20
334    20
335    20
336    20
337    20
338    20
393    20
400    20
401    20
402    20
403    20
404    20
405    20
406    20
407    20
408    20
409    20
410    20
411    20
412    20
413    20
414    20
415    20
416    20
417    20
418    20
419    20
420    20
421    20
422    20
423    20
