#####################################################################
# CTA South 
# Prod5 
# 0 LSTs and 25 MSTs (NectarCam type),
#
# Column 1: prod5 telescope number
# Column 2: FOV (deg)
# Column 3: dynamical range (bit)
# Column 4: for non-FADC analysis: use raw or calibrated (default) sum
# Column 5: CTAO telescope name
#
#####################################################################
100     20    12    1   M-01
101     20    12    1   M-02
102     20    12    1   M-03
103     20    12    1   M-04
104     20    12    1   M-05
105     20    12    1   M-06
106     20    12    1   M-07
107     20    12    1   M-08
108     20    12    1   M-09
109     20    12    1   M-10
110     20    12    1   M-11
111     20    12    1   M-12
112     20    12    1   M-13
113     20    12    1   M-14
114     20    12    1   M-15
115     20    12    1   M-16
116     20    12    1   M-17
117     20    12    1   M-18
118     20    12    1   M-19
119     20    12    1   M-20
120     20    12    1   M-21
121     20    12    1   M-22
122     20    12    1   M-23
123     20    12    1   M-24
124     20    12    1   M-25
