5    5
6    5
7    5
81    8.5
82    8.5
83    8.5
84    8.5
85    8.5
86    8.5
87    8.5
88    8.5
89    8.5
90    8.5
91    8.5
92    8.5
93    8.5
94    8.5
95    8.5
96    8.5
97    8.5
98    8.5
99    8.5
100    8.5
100    15
335    10
336    10
337    10
338    10
339    10
340    10
341    10
342    10
343    10
344    10
345    10
346    10
347    10
348    10
349    10
350    10
351    10
352    10
353    10
354    10
355    10
356    10
357    10
358    10
359    10
360    10
361    10
362    10
363    10
364    10
365    10
366    10
367    10
368    10
369    10
370    10
371    10
372    10
373    10
374    10
375    10
376    10
377    10
378    10
439    10
444    10
445    10
446    10
447    10
448    10
449    10
450    10
451    10
