#####################################################################
# CTA North Hyperarray Layout
# Prod5 North
# 4 LSTs and 15 MSTs (FlashCam type)
#
# Column 1: prod5 telescope number
# Column 2: FOV (deg)
# Column 3: dynamical range (bit)
# Column 4: for non-FADC analysis: use raw or calibrated (default) sum
# Column 5: CTAO telescope name
#
#####################################################################
1     20    12    1   L-01
2     20    12    1   L-02
3     20    12    1   L-03
4     20    12    1   L-04
20     20    12    1  M-01
21     20    12    1  M-02
22     20    12    1  M-03
23     20    12    1  M-04
24     20    12    1  M-05
25     20    12    1  M-06
26     20    12    1  M-07
27     20    12    1  M-08
28     20    12    1  M-09
29     20    12    1  M-10
30     20    12    1  M-11
31     20    12    1  M-12
32     20    12    1  M-13
33     20    12    1  M-14
34     20    12    1  M-15
