12    20.
13    20.
14    20.
15    20.
16    20.
19    20.
20    20.
23    20.
24    20.
25    20.
26    20.
27    20.
28    20.
33    20.
34    20.
99    20.     12    1
100    20.     12    1
101    20.     12    1
102    20.     12    1
110    20.     12    1
111    20.     12    1
116    20.     12    1
117    20.     12    1
122    20.     12    1
123    20.     12    1
124    20.     12    1
125    20.     12    1
126    20.     12    1
127    20.     12    1
132    20.     12    1
133    20.     12    1
134    20.     12    1
135    20.     12    1
142    20.     12    1
143    20.     12    1
144    20.     12    1
145    20.     12    1
158    20.     12    1
159    20.     12    1
164    20.     12    1
165    20.     12    1
166    20.     12    1
167    20.     12    1
169    20.     12    1
170    20.     12    1
184    20.     12    1
185    20.     12    1
186    20.     12    1
187    20.     12    1
188    20.     12    1
189    20.     12    1
190    20.     12    1
191    20.     12    1
192    20.     12    1
193    20.     12    1
194    20.     12    1
195    20.     12    1
208    20.     12    1
209    20.     12    1
210    20.     12    1
211    20.     12    1
212    20.     12    1
213    20.     12    1
220    20.     12    1
221    20.     12    1
