#####################################################################
# CTA South 
# Prod5
# 0 LSTs and 10 MSTs (FlashCam type), 40 SSTs
#
# Column 1: prod5 telescope number
# Column 2: FOV (deg)
# Column 3: dynamical range (bit)
# Column 4: for non-FADC analysis: use raw or calibrated (default) sum
# Column 5: CTAO telescope name
#
#####################################################################
5    20.   12   1   M-01
6    20.   12   1   M-02
8    20.   12   1   M-04
10    20.   12   1  M-06
11    20.   12   1  M-07
14    20.   12   1  M-10
15    20.   12   1  M-11
16    20.   12   1  M-12
17    20.   12   1  M-13
25    20.   12   1  M-21
34    20.   12   1  S-05
36    20.   12   1  S-07
37    20.   12   1  S-08
38    20.   12   1  S-09
39    20.   12   1  S-10
42    20.   12   1  S-13
43    20.   12   1  S-14
46    20.   12   1  S-17
47    20.   12   1  S-18
48    20.   12   1  S-19
49    20.   12   1  S-20
52    20.   12   1  S-23
53    20.   12   1  S-24
56    20.   12   1  S-27
57    20.   12   1  S-28
59    20.   12   1  S-30
60    20.   12   1  S-31
62    20.   12   1  S-33
63    20.   12   1  S-34
64    20.   12   1  S-35
65    20.   12   1  S-36
76    20.   12   1  S-47
77    20.   12   1  S-48
84    20.   12   1  S-55
85    20.   12   1  S-56
87    20.   12   1  S-58
90    20.   12   1  S-61
91    20.   12   1  S-62
98    20.   12   1  S-69
99    20.   12   1  S-70
