#####################################################################
# CTA South
# Prod3b SCTAlpha
# H2 (14 MST-F, 40 GCT SSTs, 11 SCTs)
#
# Column 1: prod3b telescope number
# Column 2: FOV (deg)
# Column 3: dynamical range (bit)
# Column 4: for non-FADC analysis: use raw or calibrated (default) sum
# Column 5: CTAO telescope name
#
#####################################################################
1
2
3
4
5
6
7
12
13
14
15
16
22
23
42
43
48
49
50
51
52
53
54
55
56
57
58
59
60
61
62
63
64
65
66
67
68
69
78
79
84
85
86
87
88
89
90
91
92
93
94
95
96
97
132
133
134
135
136
151
152
153
154
155
156
