1    5
2    5
3    5
8    8.5
9    8.5
10    8.5
11    8.5
12    8.5
13    8.5
16    8.5
17    8.5
18    8.5
19    8.5
20    8.5
21    8.5
41    8.5
42    8.5
43    8.5
44    8.5
45    8.5
46    8.5
46    15
190    10
191    10
192    10
193    10
194    10
195    10
208    10
209    10
210    10
211    10
212    10
213    10
214    10
215    10
216    10
217    10
218    10
219    10
220    10
221    10
222    10
223    10
224    10
225    10
226    10
227    10
228    10
229    10
230    10
231    10
232    10
233    10
234    10
235    10
236    10
237    10
304    10
311    10
312    10
313    10
314    10
315    10
316    10
317    10
318    10
319    10
320    10
321    10
322    10
323    10
324    10
325    10
326    10
327    10
328    10
329    10
330    10
331    10
332    10
333    10
334    10
