5    5
6    5
7    5
81    8.5
82    8.5
83    8.5
84    8.5
85    8.5
86    8.5
87    8.5
88    8.5
89    8.5
90    8.5
91    8.5
92    8.5
93    8.5
94    8.5
95    8.5
96    8.5
97    8.5
98    8.5
99    8.5
100    8.5
0    10
271    10
272    10
273    10
274    10
275    10
276    10
277    10
278    10
279    10
280    10
281    10
282    10
283    10
284    10
285    10
286    10
287    10
288    10
289    10
290    10
291    10
292    10
293    10
294    10
295    10
296    10
297    10
298    10
299    10
300    10
301    10
302    10
303    10
304    10
305    10
306    10
307    10
308    10
309    10
310    10
311    10
312    10
313    10
314    10
315    10
316    10
317    10
318    10
319    10
372    10
