1 20   12    1  
2 20   12    1  
3 20   12    1 
4 20   12    1 
5 20   12    1 
6 20   12    1 
7 20   12    1 
8 20   12    1 
9 20   12    1 
10 20   12    1 
11 20   12    1 
12 20   12    1 
13 20   12    1 
14 20   12    1 
15 20   12    1 
16 20   12    1 
17 20   12    1 
18 20   12    1 
19 20   12    1 
20 20   12    1 
21 20   12    1 
22 20   12    1 
23 20   12    1 
24 20   12    1 
25 20   12    1 
26 20   12    1 
27 20   12    1 
28 20   12    1 
29 20
30 20
31 20
32 20
33 20
34 20
35 20
36 20
37 20
38 20
39 20
40 20
41 20
42 20
43 20
44 20
45 20
46 20
47 20
48 20
49 20
50 20
51 20
52 20
53 20
54 20
55 20
56 20
57 20
58 20
59 20
60 10
61 10
62 10
63 10
64 10
65 10
66 10
67 10
68 10
69 10
70 10
71 10
72 10
73 10
74 10
75 10
76 10
77 10
78 10
79 10
80 10
81 10
82 10
83 10
84 10
85 10
86 10
87 10
88 10
89 10
90 10
91 10
92 10
93 10
94 10
95 10
96 10
97 10
98 10
99 10
100 10
101 10
