#####################################################################
# CTA South Layout Science Verification SV2
# Prod5 South
# 0 LSTs, 5 MSTs, 15 SSTs
#
# FlashCam MSTs
#
# Column 1: Prod5 telescope number
# Column 2: FOV (deg)
# Column 3: dynamical range (bit)
# Column 4: for non-FADC analysis: use raw or calibrated (default) sum
# Column 5: CTAO telescope name
#
#####################################################################
6    20.   12   1   M-02
12    20.   12   1  M-08
31    20.   12   1  S-02
39    20.   12   1  S-10
44    20.   12   1  S-15
45    20.   12   1  S-16
49    20.   12   1  S-20
133    20.   12   1  S-29B
61    20.   12   1  S-32
141    20.   12   1  S-75
142    20.   12   1  S-76
146    20.   12   1  S-80
163    20.   12   1  S-97
164    20.   12   1  S-98
167    20.   12   1  S-101
168    20.   12   1  S-102
176    20.   12   1  S-110
