#####################################################################
# CTA South 
# Prod5 
# 0 LSTs and 07 MSTs (FlashCam type), 20 SSTs
#
# Column 1: prod5 telescope number
# Column 2: FOV (deg)
# Column 3: dynamical range (bit)
# Column 4: for non-FADC analysis: use raw or calibrated (default) sum
# Column 5: CTAO telescope name
#
#####################################################################
5    20.   12   1   M-01
6    20.   12   1   M-02
8    20.   12   1   M-04
15    20.   12   1  M-11
16    20.   12   1  M-12
17    20.   12   1  M-13
25    20.   12   1  M-21
37    20.   12   1  S-08
39    20.   12   1  S-10
42    20.   12   1  S-13
43    20.   12   1  S-14
46    20.   12   1  S-17
47    20.   12   1  S-18
49    20.   12   1  S-20
52    20.   12   1  S-23
53    20.   12   1  S-24
57    20.   12   1  S-28
59    20.   12   1  S-30
63    20.   12   1  S-34
65    20.   12   1  S-36
76    20.   12   1  S-47
77    20.   12   1  S-48
85    20.   12   1  S-56
87    20.   12   1  S-58
91    20.   12   1  S-62
98    20.   12   1  S-69
99    20.   12   1  S-70
