2 5.0
3 5.0
5 5.0
6 8.2
8 8.2
9 8.2
10 8.2
12 8.2
13 8.2
23 8.2
24 8.2
25 8.2
26 8.2
27 8.2
28 8.2
31 8.2
32 8.2
33 8.2
36 8.2
37 8.2
38 8.2
39 8.2 
43 8.2
44 8.2
45 8.2
46 8.2
47 8.2
48 8.2 
51 8.2
52 8.2
53 8.2
56 8.2
57 8.2
58 8.2
59 8.2
97 10
100 10
101 10 
102 10
103 10
106 10
107 10
113 10
114 10
117 10
118 10
119 10
120 10
121 10
124 10
127 10
128 10
129 10
130 10
133 10
134 10
140 10
141 10
144 10
145 10
146 10
147 10
148 10
151 10
152 10
155 10
156 10
157 10
160 10
161 10
164 10
165 10
166 10
