#####################################################################
# CTA South Layout Science Verification SV2a
# Prod5 South
# 0 LSTs, 2 MSTs, 10 SSTs
#
# NectarCam MSTs
#
# Column 1: Prod5 telescope number
# Column 2: FOV (deg)
# Column 3: dynamical range (bit)
# Column 4: for no-FADC analysis: use raw or calibrated (default) sum
# Column 5: CTAO telescope number
#
#####################################################################
7     20    12    1   M-03
13     20    12    1   M-09
35     20    12    1   S-06
37     20    12    1   S-08
39     20    12    1   S-10
41     20    12    1   S-12
43     20    12    1   S-14
49     20    12    1   S-20
55     20    12    1   S-26
57     20    12    1   S-28
61     20    12    1   S-32
63     20    12    1   S-34
