1    20
2    20
3    20
8    20
9    20
10    20
11    20
12    20
13    20
16    20
17    20
18    20
19    20
20    20
21    20
41    20
42    20
43    20
44    20
45    20
46    20
279    20
280    20
281    20
282    20
283    20
284    20
286    20
287    20
289    20
297    20
298    20
299    20
300    20
301    20
302    20
303    20
304    20
305    20
306    20
307    20
308    20
309    20
310    20
311    20
312    20
313    20
314    20
315    20
316    20
317    20
318    20
319    20
320    20
321    20
322    20
323    20
324    20
325    20
326    20
327    20
328    20
329    20
330    20
331    20
332    20
333    20
334    20
335    20
336    20
337    20
338    20
393    20
412    20
413    20
414    20
415    20
416    20
417    20
