4    4.3     12    1
5    4.3     12    1
6    4.3     12    1
11    4.3     12    1
12    7.0
13    7.0
14    7.0
15    7.0
16    7.0
19    7.0
20    7.0
23    7.0
24    7.0
25    7.0
26    7.0
27    7.0
28    7.0
29    7.0
30    7.0
31    7.0
32    7.0
33    7.0
34    7.0
47    7.0
48    7.0
49    7.0
50    7.0
51    7.0
52    7.0
99    9.0     12    1
100    9.0     12    1
101    9.0     12    1
102    9.0     12    1
110    9.0     12    1
111    9.0     12    1
116    9.0     12    1
117    9.0     12    1
122    9.0     12    1
123    9.0     12    1
124    9.0     12    1
125    9.0     12    1
126    9.0     12    1
127    9.0     12    1
132    9.0     12    1
133    9.0     12    1
134    9.0     12    1
135    9.0     12    1
142    9.0     12    1
143    9.0     12    1
144    9.0     12    1
145    9.0     12    1
158    9.0     12    1
159    9.0     12    1
164    9.0     12    1
165    9.0     12    1
166    9.0     12    1
167    9.0     12    1
169    9.0     12    1
170    9.0     12    1
184    9.0     12    1
185    9.0     12    1
186    9.0     12    1
187    9.0     12    1
188    9.0     12    1
189    9.0     12    1
190    9.0     12    1
191    9.0     12    1
192    9.0     12    1
193    9.0     12    1
194    9.0     12    1
195    9.0     12    1
208    9.0     12    1
209    9.0     12    1
210    9.0     12    1
211    9.0     12    1
212    9.0     12    1
213    9.0     12    1
220    9.0     12    1
221    9.0     12    1
222    9.0     12    1
223    9.0     12    1
224    9.0     12    1
225    9.0     12    1
226    9.0     12    1
227    9.0     12    1
228    9.0     12    1
229    9.0     12    1
234    9.0     12    1
235    9.0     12    1
236    9.0     12    1
237    9.0     12    1
238    9.0     12    1
239    9.0     12    1
240    9.0     12    1
241    9.0     12    1
242    9.0     12    1
243    9.0     12    1
244    9.0     12    1
245    9.0     12    1
