#####################################################################
# CTA South Layout Science Verification SV5a
# Prod5 South
# 0 LSTs, 12 MSTs, 38 SSTs
#
# FlashCam MSTs
#
# Column 1: Prod5 telescope number
# Column 2: FOV (deg)
# Column 3: dynamical range (bit)
# Column 4: for no-FADC analysis: use raw or calibrated (default) sum
# Column 5: CTAO telescope number
#
#####################################################################
5     20    12    1   M-01
6     20    12    1   M-02
7     20    12    1   M-03
8     20    12    1   M-04
11     20    12    1   M-07
12     20    12    1   M-08
13     20    12    1   M-09
14     20    12    1   M-10
15     20    12    1   M-11
16     20    12    1   M-12
17     20    12    1   M-13
20     20    12    1   M-16
35     20    12    1   S-06
37     20    12    1   S-08
39     20    12    1   S-10
40     20    12    1   S-11
41     20    12    1   S-12
42     20    12    1   S-13
43     20    12    1   S-14
44     20    12    1   S-15
45     20    12    1   S-16
46     20    12    1   S-17
47     20    12    1   S-18
49     20    12    1   S-20
50     20    12    1   S-21
51     20    12    1   S-22
52     20    12    1   S-23
53     20    12    1   S-24
55     20    12    1   S-26
57     20    12    1   S-28
58     20    12    1   S-29
59     20    12    1   S-30
61     20    12    1   S-32
63     20    12    1   S-34
65     20    12    1   S-36
74     20    12    1   S-45
75     20    12    1   S-46
76     20    12    1   S-47
77     20    12    1   S-48
83     20    12    1   S-54
84     20    12    1   S-55
85     20    12    1   S-56
86     20    12    1   S-57
87     20    12    1   S-58
89     20    12    1   S-60
91     20    12    1   S-62
96     20    12    1   S-67
97     20    12    1   S-68
98     20    12    1   S-69
99     20    12    1   S-70
