#####################################################################
# CTA South Hyperarray Layout
# Prod6
# 4 LSTs and 33 MSTs, 50 SSTs, 33 SCTs
#
# Column 1: prod5 telescope number
# Column 2: FOV (deg)
# Column 3: dynamical range (bit)
# Column 4: for non-FADC analysis: use raw or calibrated (default) sum
# Column 5: CTAO telescope name
#
#####################################################################
1    20.   12   1   LSTS-01
2    20.   12   1   LSTS-02
3    20.   12   1   LSTS-03
4    20.   12   1   LSTS-04
5    20.   12   1   MSTS-01
6    20.   12   1   MSTS-02
7    20.   12   1   MSTS-03
8    20.   12   1   MSTS-04
9    20.   12   1   MSTS-05
10    20.   12   1  MSTS-06
11    20.   12   1  MSTS-07
12    20.   12   1  MSTS-08
13    20.   12   1  MSTS-09
14    20.   12   1  MSTS-10
15    20.   12   1  MSTS-11
16    20.   12   1  MSTS-12
17    20.   12   1  MSTS-13
18    20.   12   1  MSTS-14
19    20.   12   1  MSTS-15
20    20.   12   1  MSTS-16
21    20.   12   1  MSTS-17
22    20.   12   1  MSTS-18
23    20.   12   1  MSTS-19
24    20.   12   1  MSTS-20
25    20.   12   1  MSTS-21
26    20.   12   1  MSTS-22
27    20.   12   1  MSTS-23
28    20.   12   1  MSTS-24
29    20.   12   1  MSTS-25
30    20.   12   1  MSTS-126
31    20.   12   1  MSTS-127
32    20.   12   1  MSTS-128
33    20.   12   1  MSTS-129
34    20.   12   1  MSTS-130
35    20.   12   1  MSTS-131
36    20.   12   1  MSTS-132
37    20.   12   1  MSTS-133
38    20.   12   1  STS-01
39    20.   12   1  STS-02
40    20.   12   1  STS-03
41    20.   12   1  STS-04
42    20.   12   1  STS-05
43    20.   12   1  STS-06
44    20.   12   1  STS-07
45    20.   12   1  STS-08
46    20.   12   1  STS-09
47    20.   12   1  STS-10
48    20.   12   1  STS-11
49    20.   12   1  STS-12
50    20.   12   1  STS-13
51    20.   12   1  STS-14
52    20.   12   1  STS-15
53    20.   12   1  STS-16
54    20.   12   1  STS-17
55    20.   12   1  STS-18
56    20.   12   1  STS-19
57    20.   12   1  STS-20
58    20.   12   1  STS-21
59    20.   12   1  STS-22
60    20.   12   1  STS-23
61    20.   12   1  STS-24
62    20.   12   1  STS-25
63    20.   12   1  STS-26
64    20.   12   1  STS-27
65    20.   12   1  STS-28
66    20.   12   1  STS-29
67    20.   12   1  STS-30
68    20.   12   1  STS-31
69    20.   12   1  STS-32
70    20.   12   1  STS-33
71    20.   12   1  STS-34
72    20.   12   1  STS-35
73    20.   12   1  STS-36
74    20.   12   1  STS-37
75    20.   12   1  STS-38
76    20.   12   1  STS-39
77    20.   12   1  STS-40
78    20.   12   1  STS-41
79    20.   12   1  STS-42
80    20.   12   1  STS-43
81    20.   12   1  STS-44
82    20.   12   1  STS-45
83    20.   12   1  STS-46
84    20.   12   1  STS-47
85    20.   12   1  STS-48
86    20.   12   1  STS-49
87    20.   12   1  STS-50
88    20.   12   1   MSTS-01
89    20.   12   1   MSTS-02
90    20.   12   1   MSTS-03
91    20.   12   1   MSTS-04
92    20.   12   1   MSTS-05
93    20.   12   1  MSTS-06
94    20.   12   1  MSTS-07
95    20.   12   1  MSTS-08
96    20.   12   1  MSTS-09
97    20.   12   1  MSTS-10
98    20.   12   1  MSTS-11
99    20.   12   1  MSTS-12
100    20.   12   1  MSTS-13
101    20.   12   1  MSTS-14
102    20.   12   1  MSTS-15
103    20.   12   1  MSTS-16
104    20.   12   1  MSTS-17
105    20.   12   1  MSTS-18
106    20.   12   1  MSTS-19
107    20.   12   1  MSTS-20
108    20.   12   1  MSTS-21
109    20.   12   1  MSTS-22
110    20.   12   1  MSTS-23
111    20.   12   1  MSTS-24
112    20.   12   1  MSTS-25
113    20.   12   1  MSTS-126
114    20.   12   1  MSTS-127
115    20.   12   1  MSTS-128
116    20.   12   1  MSTS-129
117    20.   12   1  MSTS-130
118    20.   12   1  MSTS-131
119    20.   12   1  MSTS-132
120    20.   12   1  MSTS-133
