1    20
2    20
3    20
71    20
72    20
73    20
74    20
75    20
76    20
79    20
80    20
81    20
82    20
83    20
84    20
104    20
105    20
106    20
107    20
108    20
109    20
134    20
135    20
136    20
137    20
138    20
139    20
152    20
153    20
154    20
155    20
156    20
157    20
158    20
159    20
160    20
161    20
162    20
163    20
164    20
165    20
166    20
167    20
168    20
169    20
170    20
171    20
172    20
173    20
174    20
175    20
176    20
177    20
178    20
179    20
180    20
181    20
248    20
255    20
256    20
257    20
258    20
259    20
260    20
261    20
262    20
263    20
264    20
265    20
266    20
267    20
268    20
269    20
270    20
271    20
272    20
273    20
274    20
275    20
276    20
277    20
278    20
