#####################################################################
# CTA North 9 MST+4LST Layout P1-D11
# Prod5 North
# 4 LSTs and 9 MSTs
#
# NectarCam MSTs
#
# Column 1: Prod5 telescope number
# Column 2: FOV (deg)
# Column 3: dynamical range (bit)
# Column 4: for no-FADC analysis: use raw or calibrated (default) sum
# Column 5: CTAO telescope number
#
#####################################################################
1     20    12    1   L-01
2     20    12    1   L-02
3     20    12    1   L-03
4     20    12    1   L-04
20     20    12    1   M-01
21     20    12    1   M-02
22     20    12    1   M-03
24     20    12    1   M-05
25     20    12    1   M-06
26     20    12    1   M-07
28     20    12    1   M-09
29     20    12    1   M-10
34     20    12    1   M-15
