#####################################################################
# CTA South
# Prod3b SCT
# C2 array (14 MSTs and 11 SCTs, 40 SSTs)
#
# Column 1: prod3b telescope number
# Column 2: FOV (deg)
# Column 3: dynamical range (bit)
# Column 4: for non-FADC analysis: use raw or calibrated (default) sum
# Column 5: CTAO telescope name
#
#####################################################################
1 20
15 20
6 20
7 20
16 20
18 20
19 20
20 20
21 20
36 20
37 20
38 20
39 20
40 20
129  20
127  20
119  20
120  20
128  20
117  20
118  20
137  20
132  20
138  20
156  20
42
43
48
49
50
51
52
53
54
55
56
57
58
59
60
61
62
63
64
65
66
67
68
69
78
79
84
85
86
87
88
89
90
91
92
93
94
95
96
97
