5    5
6    5
7    5
73    8.5
74    8.5
75    8.5
76    8.5
77    8.5
78    8.5
79    8.5
80    8.5
81    8.5
82    8.5
83    8.5
84    8.5
104    8.5
105    8.5
106    8.5
107    8.5
108    8.5
109    8.5
109    15
480    10
481    10
482    10
483    10
484    10
485    10
498    10
499    10
500    10
501    10
502    10
503    10
504    10
505    10
506    10
507    10
508    10
509    10
510    10
511    10
512    10
513    10
514    10
515    10
516    10
517    10
518    10
519    10
520    10
521    10
522    10
523    10
524    10
525    10
526    10
527    10
594    10
601    10
602    10
603    10
604    10
605    10
606    10
607    10
608    10
609    10
610    10
611    10
612    10
613    10
614    10
615    10
616    10
617    10
618    10
619    10
620    10
621    10
622    10
623    10
624    10
