#####################################################################
# CTA South 
# Prod4 (ASTRI) 
# 09 SSTs
#
# Column 1: prod4 telescope number
# Column 2: FOV (deg)
# Column 3: dynamical range (bit)
# Column 4: for non-FADC analysis: use raw or calibrated (default) sum
# Column 5: CTAO telescope name (not filled)
#
#####################################################################
16    20.     12    1
20    20.     12    1
28    20.     12    1
34    20.     12    1
36    20.     12    1
46    20.     12    1
52    20.     12    1
54    20.     12    1
62    20.     12    1
