5    20    12    1
6    20    12    1
7    20    12    1
8    20
9    20
10    20
11    20
12    20
13    20
16    20
17    20
18    20
19    20
20    20
21    20
24    20
25    20
26    20
27    20
28    20
29    20
30    20
31    20
32    20
33    20
34    20
35    20
424    20
425    20
426    20
442    20
443    20
444    20
445    20
446    20
447    20
448    20
449    20
450    20
451    20
452    20
453    20
454    20
455    20
456    20
457    20
458    20
459    20
460    20
461    20
462    20
463    20
464    20
465    20
466    20
467    20
468    20
469    20
470    20
471    20
476    20
477    20
478    20
479    20
480    20
481    20
482    20
483    20
538    20
539    20
540    20
541    20
542    20
543    20
544    20
545    20
546    20
547    20
548    20
549    20
550    20
551    20
552    20
553    20
554    20
555    20
556    20
557    20
558    20
559    20
560    20
561    20
562    20
563    20
564    20
565    20
566    20
567    20
568    20
