#####################################################################
# CTA South Layout Science Verification SV4c
# Prod5 South
# 0 LSTs, 8 MSTs, 26 SSTs
#
# NectarCam MSTs
#
# Column 1: Prod5 telescope number
# Column 2: FOV (deg)
# Column 3: dynamical range (bit)
# Column 4: for no-FADC analysis: use raw or calibrated (default) sum
# Column 5: CTAO telescope number
#
#####################################################################
5     20    12    1   M-01
6     20    12    1   M-02
8     20    12    1   M-04
14     20    12    1   M-10
15     20    12    1   M-11
16     20    12    1   M-12
17     20    12    1   M-13
25     20    12    1   M-21
38     20    12    1   S-09
39     20    12    1   S-10
40     20    12    1   S-11
42     20    12    1   S-13
43     20    12    1   S-14
46     20    12    1   S-17
47     20    12    1   S-18
52     20    12    1   S-23
53     20    12    1   S-24
54     20    12    1   S-25
56     20    12    1   S-27
57     20    12    1   S-28
59     20    12    1   S-30
60     20    12    1   S-31
61     20    12    1   S-32
62     20    12    1   S-33
63     20    12    1   S-34
64     20    12    1   S-35
76     20    12    1   S-47
77     20    12    1   S-48
82     20    12    1   S-53
84     20    12    1   S-55
85     20    12    1   S-56
87     20    12    1   S-58
88     20    12    1   S-59
90     20    12    1   S-61
