31 8.5
8 8.5
51 8.5
25 8.5
45 8.5
23 8.5
6 8.5
44 8.5
33 8.5
53 8.5
24 8.5
10 8.5
43 8.5
26 8.5
46 8.5
32 8.5
12 8.5
52 8.5
151 10
115 10
106 10
98 10
125 10
133 10
142 10
168 10
153 10
117 10
109 10
100 10
127 10
136 10
144 10
162 10
155 10
120 10
111 10
102 10
129 10
138 10
147 10
164 10
158 10
122 10
113 10
104 10
131 10
140 10
149 10
167 10
157 10
119 10
108 10
97 10
124 10
135 10
146 10
166 10
159 10
123 10
114 10
105 10
132 10
141 10
150 10
156 10
121 10
112 10
103 10
130 10
139 10
148 10
165 10
154 10
118 10
110 10
101 10
128 10
137 10
145 10
163 10
152 10
116 10
107 10
99 10
126 10
134 10
143 10
160 10
161 10
